[2026-06-20 15:04:36] local.ERROR: Please provide a valid cache path. {"userId":1,"exception":"[object] (InvalidArgumentException(code: 0): Please provide a valid cache path. at D:\\Code\\Script Laravel\\SOURCE CODE LARAVEL 11\\ Manajemen Project Sederhana\\vendor\\laravel\\framework\\src\\Illuminate\\View\\Compilers\\Compiler.php:67)
[stacktrace]
#0 D:\\Code\\Script Laravel\\SOURCE CODE LARAVEL 11\\ Manajemen Project Sederhana\\vendor\\laravel\\framework\\src\\Illuminate\\View\\ViewServiceProvider.php(96): Illuminate\\View\\Compilers\\Compiler->__construct(Object(Illuminate\\Filesystem\\Filesystem), false, '', true, 'php')
#1 D:\\Code\\Script Laravel\\SOURCE CODE LARAVEL 11\\ Manajemen Project Sederhana\\vendor\\laravel\\framework\\src\\Illuminate\\Container\\Container.php(900): Illuminate\\View\\ViewServiceProvider->Illuminate\\View\\{closure}(Object(Illuminate\\Foundation\\Application), Array)
#2 D:\\Code\\Script Laravel\\SOURCE CODE LARAVEL 11\\ Manajemen Project Sederhana\\vendor\\laravel\\framework\\src\\Illuminate\\Container\\Container.php(787): Illuminate\\Container\\Container->build(Object(Closure))
#3 D:\\Code\\Script Laravel\\SOURCE CODE LARAVEL 11\\ Manajemen Project Sederhana\\vendor\\laravel\\framework\\src\\Illuminate\\Foundation\\Application.php(1026): Illuminate\\Container\\Container->resolve('blade.compiler', Array, true)
#4 D:\\Code\\Script Laravel\\SOURCE CODE LARAVEL 11\\ Manajemen Project Sederhana\\vendor\\laravel\\framework\\src\\Illuminate\\Container\\Container.php(723): Illuminate\\Foundation\\Application->resolve('blade.compiler', Array)
#5 D:\\Code\\Script Laravel\\SOURCE CODE LARAVEL 11\\ Manajemen Project Sederhana\\vendor\\laravel\\framework\\src\\Illuminate\\Foundation\\Application.php(1011): Illuminate\\Container\\Container->make('blade.compiler', Array)
#6 D:\\Code\\Script Laravel\\SOURCE CODE LARAVEL 11\\ Manajemen Project Sederhana\\vendor\\laravel\\framework\\src\\Illuminate\\Container\\Container.php(1446): Illuminate\\Foundation\\Application->make('blade.compiler')
#7 D:\\Code\\Script Laravel\\SOURCE CODE LARAVEL 11\\ Manajemen Project Sederhana\\vendor\\laravel\\framework\\src\\Illuminate\\View\\ViewServiceProvider.php(164): Illuminate\\Container\\Container->offsetGet('blade.compiler')
#8 [internal function]: Illuminate\\View\\ViewServiceProvider->Illuminate\\View\\{closure}()
#9 D:\\Code\\Script Laravel\\SOURCE CODE LARAVEL 11\\ Manajemen Project Sederhana\\vendor\\laravel\\framework\\src\\Illuminate\\View\\Engines\\EngineResolver.php(55): call_user_func(Object(Closure))
#10 D:\\Code\\Script Laravel\\SOURCE CODE LARAVEL 11\\ Manajemen Project Sederhana\\vendor\\laravel\\framework\\src\\Illuminate\\View\\Factory.php(326): Illuminate\\View\\Engines\\EngineResolver->resolve('blade')
#11 D:\\Code\\Script Laravel\\SOURCE CODE LARAVEL 11\\ Manajemen Project Sederhana\\vendor\\laravel\\framework\\src\\Illuminate\\View\\Factory.php(288): Illuminate\\View\\Factory->getEngineFromPath('D:\\\\Code\\\\Script ...')
#12 D:\\Code\\Script Laravel\\SOURCE CODE LARAVEL 11\\ Manajemen Project Sederhana\\vendor\\laravel\\framework\\src\\Illuminate\\View\\Factory.php(160): Illuminate\\View\\Factory->viewInstance('app', 'D:\\\\Code\\\\Script ...', Array)
#13 D:\\Code\\Script Laravel\\SOURCE CODE LARAVEL 11\\ Manajemen Project Sederhana\\vendor\\laravel\\framework\\src\\Illuminate\\Routing\\ResponseFactory.php(88): Illuminate\\View\\Factory->make('app', Array)
#14 D:\\Code\\Script Laravel\\SOURCE CODE LARAVEL 11\\ Manajemen Project Sederhana\\vendor\\laravel\\framework\\src\\Illuminate\\Support\\Facades\\Facade.php(357): Illuminate\\Routing\\ResponseFactory->view('app', Array)
#15 D:\\Code\\Script Laravel\\SOURCE CODE LARAVEL 11\\ Manajemen Project Sederhana\\vendor\\inertiajs\\inertia-laravel\\src\\Response.php(111): Illuminate\\Support\\Facades\\Facade::__callStatic('view', Array)
#16 D:\\Code\\Script Laravel\\SOURCE CODE LARAVEL 11\\ Manajemen Project Sederhana\\vendor\\laravel\\framework\\src\\Illuminate\\Routing\\Router.php(900): Inertia\\Response->toResponse(Object(Illuminate\\Http\\Request))
#17 D:\\Code\\Script Laravel\\SOURCE CODE LARAVEL 11\\ Manajemen Project Sederhana\\vendor\\laravel\\framework\\src\\Illuminate\\Routing\\Router.php(885): Illuminate\\Routing\\Router::toResponse(Object(Illuminate\\Http\\Request), Object(Inertia\\Response))
#18 D:\\Code\\Script Laravel\\SOURCE CODE LARAVEL 11\\ Manajemen Project Sederhana\\vendor\\laravel\\framework\\src\\Illuminate\\Routing\\Router.php(805): Illuminate\\Routing\\Router->prepareResponse(Object(Illuminate\\Http\\Request), Object(Inertia\\Response))
#19 D:\\Code\\Script Laravel\\SOURCE CODE LARAVEL 11\\ Manajemen Project Sederhana\\vendor\\laravel\\framework\\src\\Illuminate\\Pipeline\\Pipeline.php(144): Illuminate\\Routing\\Router->Illuminate\\Routing\\{closure}(Object(Illuminate\\Http\\Request))
#20 D:\\Code\\Script Laravel\\SOURCE CODE LARAVEL 11\\ Manajemen Project Sederhana\\vendor\\laravel\\framework\\src\\Illuminate\\Auth\\Middleware\\EnsureEmailIsVerified.php(41): Illuminate\\Pipeline\\Pipeline->Illuminate\\Pipeline\\{closure}(Object(Illuminate\\Http\\Request))
#21 D:\\Code\\Script Laravel\\SOURCE CODE LARAVEL 11\\ Manajemen Project Sederhana\\vendor\\laravel\\framework\\src\\Illuminate\\Pipeline\\Pipeline.php(183): Illuminate\\Auth\\Middleware\\EnsureEmailIsVerified->handle(Object(Illuminate\\Http\\Request), Object(Closure))
#22 D:\\Code\\Script Laravel\\SOURCE CODE LARAVEL 11\\ Manajemen Project Sederhana\\vendor\\laravel\\framework\\src\\Illuminate\\Http\\Middleware\\AddLinkHeadersForPreloadedAssets.php(19): Illuminate\\Pipeline\\Pipeline->Illuminate\\Pipeline\\{closure}(Object(Illuminate\\Http\\Request))
#23 D:\\Code\\Script Laravel\\SOURCE CODE LARAVEL 11\\ Manajemen Project Sederhana\\vendor\\laravel\\framework\\src\\Illuminate\\Pipeline\\Pipeline.php(183): Illuminate\\Http\\Middleware\\AddLinkHeadersForPreloadedAssets->handle(Object(Illuminate\\Http\\Request), Object(Closure))
#24 D:\\Code\\Script Laravel\\SOURCE CODE LARAVEL 11\\ Manajemen Project Sederhana\\vendor\\inertiajs\\inertia-laravel\\src\\Middleware.php(87): Illuminate\\Pipeline\\Pipeline->Illuminate\\Pipeline\\{closure}(Object(Illuminate\\Http\\Request))
#25 D:\\Code\\Script Laravel\\SOURCE CODE LARAVEL 11\\ Manajemen Project Sederhana\\vendor\\laravel\\framework\\src\\Illuminate\\Pipeline\\Pipeline.php(183): Inertia\\Middleware->handle(Object(Illuminate\\Http\\Request), Object(Closure))
#26 D:\\Code\\Script Laravel\\SOURCE CODE LARAVEL 11\\ Manajemen Project Sederhana\\vendor\\laravel\\framework\\src\\Illuminate\\Routing\\Middleware\\SubstituteBindings.php(50): Illuminate\\Pipeline\\Pipeline->Illuminate\\Pipeline\\{closure}(Object(Illuminate\\Http\\Request))
#27 D:\\Code\\Script Laravel\\SOURCE CODE LARAVEL 11\\ Manajemen Project Sederhana\\vendor\\laravel\\framework\\src\\Illuminate\\Pipeline\\Pipeline.php(183): Illuminate\\Routing\\Middleware\\SubstituteBindings->handle(Object(Illuminate\\Http\\Request), Object(Closure))
#28 D:\\Code\\Script Laravel\\SOURCE CODE LARAVEL 11\\ Manajemen Project Sederhana\\vendor\\laravel\\framework\\src\\Illuminate\\Auth\\Middleware\\Authenticate.php(64): Illuminate\\Pipeline\\Pipeline->Illuminate\\Pipeline\\{closure}(Object(Illuminate\\Http\\Request))
#29 D:\\Code\\Script Laravel\\SOURCE CODE LARAVEL 11\\ Manajemen Project Sederhana\\vendor\\laravel\\framework\\src\\Illuminate\\Pipeline\\Pipeline.php(183): Illuminate\\Auth\\Middleware\\Authenticate->handle(Object(Illuminate\\Http\\Request), Object(Closure))
#30 D:\\Code\\Script Laravel\\SOURCE CODE LARAVEL 11\\ Manajemen Project Sederhana\\vendor\\laravel\\framework\\src\\Illuminate\\Foundation\\Http\\Middleware\\VerifyCsrfToken.php(88): Illuminate\\Pipeline\\Pipeline->Illuminate\\Pipeline\\{closure}(Object(Illuminate\\Http\\Request))
#31 D:\\Code\\Script Laravel\\SOURCE CODE LARAVEL 11\\ Manajemen Project Sederhana\\vendor\\laravel\\framework\\src\\Illuminate\\Pipeline\\Pipeline.php(183): Illuminate\\Foundation\\Http\\Middleware\\VerifyCsrfToken->handle(Object(Illuminate\\Http\\Request), Object(Closure))
#32 D:\\Code\\Script Laravel\\SOURCE CODE LARAVEL 11\\ Manajemen Project Sederhana\\vendor\\laravel\\framework\\src\\Illuminate\\View\\Middleware\\ShareErrorsFromSession.php(49): Illuminate\\Pipeline\\Pipeline->Illuminate\\Pipeline\\{closure}(Object(Illuminate\\Http\\Request))
#33 D:\\Code\\Script Laravel\\SOURCE CODE LARAVEL 11\\ Manajemen Project Sederhana\\vendor\\laravel\\framework\\src\\Illuminate\\Pipeline\\Pipeline.php(183): Illuminate\\View\\Middleware\\ShareErrorsFromSession->handle(Object(Illuminate\\Http\\Request), Object(Closure))
#34 D:\\Code\\Script Laravel\\SOURCE CODE LARAVEL 11\\ Manajemen Project Sederhana\\vendor\\laravel\\framework\\src\\Illuminate\\Session\\Middleware\\StartSession.php(121): Illuminate\\Pipeline\\Pipeline->Illuminate\\Pipeline\\{closure}(Object(Illuminate\\Http\\Request))
#35 D:\\Code\\Script Laravel\\SOURCE CODE LARAVEL 11\\ Manajemen Project Sederhana\\vendor\\laravel\\framework\\src\\Illuminate\\Session\\Middleware\\StartSession.php(64): Illuminate\\Session\\Middleware\\StartSession->handleStatefulRequest(Object(Illuminate\\Http\\Request), Object(Illuminate\\Session\\Store), Object(Closure))
#36 D:\\Code\\Script Laravel\\SOURCE CODE LARAVEL 11\\ Manajemen Project Sederhana\\vendor\\laravel\\framework\\src\\Illuminate\\Pipeline\\Pipeline.php(183): Illuminate\\Session\\Middleware\\StartSession->handle(Object(Illuminate\\Http\\Request), Object(Closure))
#37 D:\\Code\\Script Laravel\\SOURCE CODE LARAVEL 11\\ Manajemen Project Sederhana\\vendor\\laravel\\framework\\src\\Illuminate\\Cookie\\Middleware\\AddQueuedCookiesToResponse.php(37): Illuminate\\Pipeline\\Pipeline->Illuminate\\Pipeline\\{closure}(Object(Illuminate\\Http\\Request))
#38 D:\\Code\\Script Laravel\\SOURCE CODE LARAVEL 11\\ Manajemen Project Sederhana\\vendor\\laravel\\framework\\src\\Illuminate\\Pipeline\\Pipeline.php(183): Illuminate\\Cookie\\Middleware\\AddQueuedCookiesToResponse->handle(Object(Illuminate\\Http\\Request), Object(Closure))
#39 D:\\Code\\Script Laravel\\SOURCE CODE LARAVEL 11\\ Manajemen Project Sederhana\\vendor\\laravel\\framework\\src\\Illuminate\\Cookie\\Middleware\\EncryptCookies.php(75): Illuminate\\Pipeline\\Pipeline->Illuminate\\Pipeline\\{closure}(Object(Illuminate\\Http\\Request))
#40 D:\\Code\\Script Laravel\\SOURCE CODE LARAVEL 11\\ Manajemen Project Sederhana\\vendor\\laravel\\framework\\src\\Illuminate\\Pipeline\\Pipeline.php(183): Illuminate\\Cookie\\Middleware\\EncryptCookies->handle(Object(Illuminate\\Http\\Request), Object(Closure))
#41 D:\\Code\\Script Laravel\\SOURCE CODE LARAVEL 11\\ Manajemen Project Sederhana\\vendor\\laravel\\framework\\src\\Illuminate\\Pipeline\\Pipeline.php(119): Illuminate\\Pipeline\\Pipeline->Illuminate\\Pipeline\\{closure}(Object(Illuminate\\Http\\Request))
#42 D:\\Code\\Script Laravel\\SOURCE CODE LARAVEL 11\\ Manajemen Project Sederhana\\vendor\\laravel\\framework\\src\\Illuminate\\Routing\\Router.php(805): Illuminate\\Pipeline\\Pipeline->then(Object(Closure))
#43 D:\\Code\\Script Laravel\\SOURCE CODE LARAVEL 11\\ Manajemen Project Sederhana\\vendor\\laravel\\framework\\src\\Illuminate\\Routing\\Router.php(784): Illuminate\\Routing\\Router->runRouteWithinStack(Object(Illuminate\\Routing\\Route), Object(Illuminate\\Http\\Request))
#44 D:\\Code\\Script Laravel\\SOURCE CODE LARAVEL 11\\ Manajemen Project Sederhana\\vendor\\laravel\\framework\\src\\Illuminate\\Routing\\Router.php(748): Illuminate\\Routing\\Router->runRoute(Object(Illuminate\\Http\\Request), Object(Illuminate\\Routing\\Route))
#45 D:\\Code\\Script Laravel\\SOURCE CODE LARAVEL 11\\ Manajemen Project Sederhana\\vendor\\laravel\\framework\\src\\Illuminate\\Routing\\Router.php(737): Illuminate\\Routing\\Router->dispatchToRoute(Object(Illuminate\\Http\\Request))
#46 D:\\Code\\Script Laravel\\SOURCE CODE LARAVEL 11\\ Manajemen Project Sederhana\\vendor\\laravel\\framework\\src\\Illuminate\\Foundation\\Http\\Kernel.php(200): Illuminate\\Routing\\Router->dispatch(Object(Illuminate\\Http\\Request))
#47 D:\\Code\\Script Laravel\\SOURCE CODE LARAVEL 11\\ Manajemen Project Sederhana\\vendor\\laravel\\framework\\src\\Illuminate\\Pipeline\\Pipeline.php(144): Illuminate\\Foundation\\Http\\Kernel->Illuminate\\Foundation\\Http\\{closure}(Object(Illuminate\\Http\\Request))
#48 D:\\Code\\Script Laravel\\SOURCE CODE LARAVEL 11\\ Manajemen Project Sederhana\\vendor\\laravel\\framework\\src\\Illuminate\\Foundation\\Http\\Middleware\\TransformsRequest.php(21): Illuminate\\Pipeline\\Pipeline->Illuminate\\Pipeline\\{closure}(Object(Illuminate\\Http\\Request))
#49 D:\\Code\\Script Laravel\\SOURCE CODE LARAVEL 11\\ Manajemen Project Sederhana\\vendor\\laravel\\framework\\src\\Illuminate\\Foundation\\Http\\Middleware\\ConvertEmptyStringsToNull.php(31): Illuminate\\Foundation\\Http\\Middleware\\TransformsRequest->handle(Object(Illuminate\\Http\\Request), Object(Closure))
#50 D:\\Code\\Script Laravel\\SOURCE CODE LARAVEL 11\\ Manajemen Project Sederhana\\vendor\\laravel\\framework\\src\\Illuminate\\Pipeline\\Pipeline.php(183): Illuminate\\Foundation\\Http\\Middleware\\ConvertEmptyStringsToNull->handle(Object(Illuminate\\Http\\Request), Object(Closure))
#51 D:\\Code\\Script Laravel\\SOURCE CODE LARAVEL 11\\ Manajemen Project Sederhana\\vendor\\laravel\\framework\\src\\Illuminate\\Foundation\\Http\\Middleware\\TransformsRequest.php(21): Illuminate\\Pipeline\\Pipeline->Illuminate\\Pipeline\\{closure}(Object(Illuminate\\Http\\Request))
#52 D:\\Code\\Script Laravel\\SOURCE CODE LARAVEL 11\\ Manajemen Project Sederhana\\vendor\\laravel\\framework\\src\\Illuminate\\Foundation\\Http\\Middleware\\TrimStrings.php(51): Illuminate\\Foundation\\Http\\Middleware\\TransformsRequest->handle(Object(Illuminate\\Http\\Request), Object(Closure))
#53 D:\\Code\\Script Laravel\\SOURCE CODE LARAVEL 11\\ Manajemen Project Sederhana\\vendor\\laravel\\framework\\src\\Illuminate\\Pipeline\\Pipeline.php(183): Illuminate\\Foundation\\Http\\Middleware\\TrimStrings->handle(Object(Illuminate\\Http\\Request), Object(Closure))
#54 D:\\Code\\Script Laravel\\SOURCE CODE LARAVEL 11\\ Manajemen Project Sederhana\\vendor\\laravel\\framework\\src\\Illuminate\\Http\\Middleware\\ValidatePostSize.php(27): Illuminate\\Pipeline\\Pipeline->Illuminate\\Pipeline\\{closure}(Object(Illuminate\\Http\\Request))
#55 D:\\Code\\Script Laravel\\SOURCE CODE LARAVEL 11\\ Manajemen Project Sederhana\\vendor\\laravel\\framework\\src\\Illuminate\\Pipeline\\Pipeline.php(183): Illuminate\\Http\\Middleware\\ValidatePostSize->handle(Object(Illuminate\\Http\\Request), Object(Closure))
#56 D:\\Code\\Script Laravel\\SOURCE CODE LARAVEL 11\\ Manajemen Project Sederhana\\vendor\\laravel\\framework\\src\\Illuminate\\Foundation\\Http\\Middleware\\PreventRequestsDuringMaintenance.php(110): Illuminate\\Pipeline\\Pipeline->Illuminate\\Pipeline\\{closure}(Object(Illuminate\\Http\\Request))
#57 D:\\Code\\Script Laravel\\SOURCE CODE LARAVEL 11\\ Manajemen Project Sederhana\\vendor\\laravel\\framework\\src\\Illuminate\\Pipeline\\Pipeline.php(183): Illuminate\\Foundation\\Http\\Middleware\\PreventRequestsDuringMaintenance->handle(Object(Illuminate\\Http\\Request), Object(Closure))
#58 D:\\Code\\Script Laravel\\SOURCE CODE LARAVEL 11\\ Manajemen Project Sederhana\\vendor\\laravel\\framework\\src\\Illuminate\\Http\\Middleware\\HandleCors.php(49): Illuminate\\Pipeline\\Pipeline->Illuminate\\Pipeline\\{closure}(Object(Illuminate\\Http\\Request))
#59 D:\\Code\\Script Laravel\\SOURCE CODE LARAVEL 11\\ Manajemen Project Sederhana\\vendor\\laravel\\framework\\src\\Illuminate\\Pipeline\\Pipeline.php(183): Illuminate\\Http\\Middleware\\HandleCors->handle(Object(Illuminate\\Http\\Request), Object(Closure))
#60 D:\\Code\\Script Laravel\\SOURCE CODE LARAVEL 11\\ Manajemen Project Sederhana\\vendor\\laravel\\framework\\src\\Illuminate\\Http\\Middleware\\TrustProxies.php(57): Illuminate\\Pipeline\\Pipeline->Illuminate\\Pipeline\\{closure}(Object(Illuminate\\Http\\Request))
#61 D:\\Code\\Script Laravel\\SOURCE CODE LARAVEL 11\\ Manajemen Project Sederhana\\vendor\\laravel\\framework\\src\\Illuminate\\Pipeline\\Pipeline.php(183): Illuminate\\Http\\Middleware\\TrustProxies->handle(Object(Illuminate\\Http\\Request), Object(Closure))
#62 D:\\Code\\Script Laravel\\SOURCE CODE LARAVEL 11\\ Manajemen Project Sederhana\\vendor\\laravel\\framework\\src\\Illuminate\\Pipeline\\Pipeline.php(119): Illuminate\\Pipeline\\Pipeline->Illuminate\\Pipeline\\{closure}(Object(Illuminate\\Http\\Request))
#63 D:\\Code\\Script Laravel\\SOURCE CODE LARAVEL 11\\ Manajemen Project Sederhana\\vendor\\laravel\\framework\\src\\Illuminate\\Foundation\\Http\\Kernel.php(175): Illuminate\\Pipeline\\Pipeline->then(Object(Closure))
#64 D:\\Code\\Script Laravel\\SOURCE CODE LARAVEL 11\\ Manajemen Project Sederhana\\vendor\\laravel\\framework\\src\\Illuminate\\Foundation\\Http\\Kernel.php(144): Illuminate\\Foundation\\Http\\Kernel->sendRequestThroughRouter(Object(Illuminate\\Http\\Request))
#65 D:\\Code\\Script Laravel\\SOURCE CODE LARAVEL 11\\ Manajemen Project Sederhana\\vendor\\laravel\\framework\\src\\Illuminate\\Foundation\\Application.php(1168): Illuminate\\Foundation\\Http\\Kernel->handle(Object(Illuminate\\Http\\Request))
#66 D:\\Code\\Script Laravel\\SOURCE CODE LARAVEL 11\\ Manajemen Project Sederhana\\public\\index.php(17): Illuminate\\Foundation\\Application->handleRequest(Object(Illuminate\\Http\\Request))
#67 D:\\Code\\Script Laravel\\SOURCE CODE LARAVEL 11\\ Manajemen Project Sederhana\\vendor\\laravel\\framework\\src\\Illuminate\\Foundation\\resources\\server.php(16): require_once('D:\\\\Code\\\\Script ...')
#68 {main}
"} 
[2026-06-20 15:04:38] local.ERROR: Please provide a valid cache path. {"exception":"[object] (InvalidArgumentException(code: 0): Please provide a valid cache path. at D:\\Code\\Script Laravel\\SOURCE CODE LARAVEL 11\\ Manajemen Project Sederhana\\vendor\\laravel\\framework\\src\\Illuminate\\View\\Compilers\\Compiler.php:67)
[stacktrace]
#0 D:\\Code\\Script Laravel\\SOURCE CODE LARAVEL 11\\ Manajemen Project Sederhana\\vendor\\laravel\\framework\\src\\Illuminate\\View\\ViewServiceProvider.php(96): Illuminate\\View\\Compilers\\Compiler->__construct(Object(Illuminate\\Filesystem\\Filesystem), false, '', true, 'php')
#1 D:\\Code\\Script Laravel\\SOURCE CODE LARAVEL 11\\ Manajemen Project Sederhana\\vendor\\laravel\\framework\\src\\Illuminate\\Container\\Container.php(900): Illuminate\\View\\ViewServiceProvider->Illuminate\\View\\{closure}(Object(Illuminate\\Foundation\\Application), Array)
#2 D:\\Code\\Script Laravel\\SOURCE CODE LARAVEL 11\\ Manajemen Project Sederhana\\vendor\\laravel\\framework\\src\\Illuminate\\Container\\Container.php(787): Illuminate\\Container\\Container->build(Object(Closure))
#3 D:\\Code\\Script Laravel\\SOURCE CODE LARAVEL 11\\ Manajemen Project Sederhana\\vendor\\laravel\\framework\\src\\Illuminate\\Foundation\\Application.php(1026): Illuminate\\Container\\Container->resolve('blade.compiler', Array, true)
#4 D:\\Code\\Script Laravel\\SOURCE CODE LARAVEL 11\\ Manajemen Project Sederhana\\vendor\\laravel\\framework\\src\\Illuminate\\Container\\Container.php(723): Illuminate\\Foundation\\Application->resolve('blade.compiler', Array)
#5 D:\\Code\\Script Laravel\\SOURCE CODE LARAVEL 11\\ Manajemen Project Sederhana\\vendor\\laravel\\framework\\src\\Illuminate\\Foundation\\Application.php(1011): Illuminate\\Container\\Container->make('blade.compiler', Array)
#6 D:\\Code\\Script Laravel\\SOURCE CODE LARAVEL 11\\ Manajemen Project Sederhana\\vendor\\laravel\\framework\\src\\Illuminate\\Container\\Container.php(1446): Illuminate\\Foundation\\Application->make('blade.compiler')
#7 D:\\Code\\Script Laravel\\SOURCE CODE LARAVEL 11\\ Manajemen Project Sederhana\\vendor\\laravel\\framework\\src\\Illuminate\\View\\ViewServiceProvider.php(164): Illuminate\\Container\\Container->offsetGet('blade.compiler')
#8 [internal function]: Illuminate\\View\\ViewServiceProvider->Illuminate\\View\\{closure}()
#9 D:\\Code\\Script Laravel\\SOURCE CODE LARAVEL 11\\ Manajemen Project Sederhana\\vendor\\laravel\\framework\\src\\Illuminate\\View\\Engines\\EngineResolver.php(55): call_user_func(Object(Closure))
#10 D:\\Code\\Script Laravel\\SOURCE CODE LARAVEL 11\\ Manajemen Project Sederhana\\vendor\\laravel\\framework\\src\\Illuminate\\View\\Factory.php(326): Illuminate\\View\\Engines\\EngineResolver->resolve('blade')
#11 D:\\Code\\Script Laravel\\SOURCE CODE LARAVEL 11\\ Manajemen Project Sederhana\\vendor\\laravel\\framework\\src\\Illuminate\\View\\Factory.php(288): Illuminate\\View\\Factory->getEngineFromPath('D:\\\\Code\\\\Script ...')
#12 D:\\Code\\Script Laravel\\SOURCE CODE LARAVEL 11\\ Manajemen Project Sederhana\\vendor\\laravel\\framework\\src\\Illuminate\\View\\Factory.php(160): Illuminate\\View\\Factory->viewInstance('errors::404', 'D:\\\\Code\\\\Script ...', Array)
#13 D:\\Code\\Script Laravel\\SOURCE CODE LARAVEL 11\\ Manajemen Project Sederhana\\vendor\\laravel\\framework\\src\\Illuminate\\Routing\\ResponseFactory.php(88): Illuminate\\View\\Factory->make('errors::404', Array)
#14 D:\\Code\\Script Laravel\\SOURCE CODE LARAVEL 11\\ Manajemen Project Sederhana\\vendor\\laravel\\framework\\src\\Illuminate\\Foundation\\Exceptions\\Handler.php(879): Illuminate\\Routing\\ResponseFactory->view('errors::404', Array, 404, Array)
#15 D:\\Code\\Script Laravel\\SOURCE CODE LARAVEL 11\\ Manajemen Project Sederhana\\vendor\\laravel\\framework\\src\\Illuminate\\Foundation\\Exceptions\\Handler.php(806): Illuminate\\Foundation\\Exceptions\\Handler->renderHttpException(Object(Symfony\\Component\\HttpKernel\\Exception\\NotFoundHttpException))
#16 D:\\Code\\Script Laravel\\SOURCE CODE LARAVEL 11\\ Manajemen Project Sederhana\\vendor\\laravel\\framework\\src\\Illuminate\\Foundation\\Exceptions\\Handler.php(697): Illuminate\\Foundation\\Exceptions\\Handler->prepareResponse(Object(Illuminate\\Http\\Request), Object(Symfony\\Component\\HttpKernel\\Exception\\NotFoundHttpException))
#17 D:\\Code\\Script Laravel\\SOURCE CODE LARAVEL 11\\ Manajemen Project Sederhana\\vendor\\laravel\\framework\\src\\Illuminate\\Foundation\\Exceptions\\Handler.php(586): Illuminate\\Foundation\\Exceptions\\Handler->renderExceptionResponse(Object(Illuminate\\Http\\Request), Object(Symfony\\Component\\HttpKernel\\Exception\\NotFoundHttpException))
#18 D:\\Code\\Script Laravel\\SOURCE CODE LARAVEL 11\\ Manajemen Project Sederhana\\vendor\\laravel\\framework\\src\\Illuminate\\Routing\\Pipeline.php(51): Illuminate\\Foundation\\Exceptions\\Handler->render(Object(Illuminate\\Http\\Request), Object(Symfony\\Component\\HttpKernel\\Exception\\NotFoundHttpException))
#19 D:\\Code\\Script Laravel\\SOURCE CODE LARAVEL 11\\ Manajemen Project Sederhana\\vendor\\laravel\\framework\\src\\Illuminate\\Pipeline\\Pipeline.php(146): Illuminate\\Routing\\Pipeline->handleException(Object(Illuminate\\Http\\Request), Object(Symfony\\Component\\HttpKernel\\Exception\\NotFoundHttpException))
#20 D:\\Code\\Script Laravel\\SOURCE CODE LARAVEL 11\\ Manajemen Project Sederhana\\vendor\\laravel\\framework\\src\\Illuminate\\Foundation\\Http\\Middleware\\TransformsRequest.php(21): Illuminate\\Pipeline\\Pipeline->Illuminate\\Pipeline\\{closure}(Object(Illuminate\\Http\\Request))
#21 D:\\Code\\Script Laravel\\SOURCE CODE LARAVEL 11\\ Manajemen Project Sederhana\\vendor\\laravel\\framework\\src\\Illuminate\\Foundation\\Http\\Middleware\\ConvertEmptyStringsToNull.php(31): Illuminate\\Foundation\\Http\\Middleware\\TransformsRequest->handle(Object(Illuminate\\Http\\Request), Object(Closure))
#22 D:\\Code\\Script Laravel\\SOURCE CODE LARAVEL 11\\ Manajemen Project Sederhana\\vendor\\laravel\\framework\\src\\Illuminate\\Pipeline\\Pipeline.php(183): Illuminate\\Foundation\\Http\\Middleware\\ConvertEmptyStringsToNull->handle(Object(Illuminate\\Http\\Request), Object(Closure))
#23 D:\\Code\\Script Laravel\\SOURCE CODE LARAVEL 11\\ Manajemen Project Sederhana\\vendor\\laravel\\framework\\src\\Illuminate\\Foundation\\Http\\Middleware\\TransformsRequest.php(21): Illuminate\\Pipeline\\Pipeline->Illuminate\\Pipeline\\{closure}(Object(Illuminate\\Http\\Request))
#24 D:\\Code\\Script Laravel\\SOURCE CODE LARAVEL 11\\ Manajemen Project Sederhana\\vendor\\laravel\\framework\\src\\Illuminate\\Foundation\\Http\\Middleware\\TrimStrings.php(51): Illuminate\\Foundation\\Http\\Middleware\\TransformsRequest->handle(Object(Illuminate\\Http\\Request), Object(Closure))
#25 D:\\Code\\Script Laravel\\SOURCE CODE LARAVEL 11\\ Manajemen Project Sederhana\\vendor\\laravel\\framework\\src\\Illuminate\\Pipeline\\Pipeline.php(183): Illuminate\\Foundation\\Http\\Middleware\\TrimStrings->handle(Object(Illuminate\\Http\\Request), Object(Closure))
#26 D:\\Code\\Script Laravel\\SOURCE CODE LARAVEL 11\\ Manajemen Project Sederhana\\vendor\\laravel\\framework\\src\\Illuminate\\Http\\Middleware\\ValidatePostSize.php(27): Illuminate\\Pipeline\\Pipeline->Illuminate\\Pipeline\\{closure}(Object(Illuminate\\Http\\Request))
#27 D:\\Code\\Script Laravel\\SOURCE CODE LARAVEL 11\\ Manajemen Project Sederhana\\vendor\\laravel\\framework\\src\\Illuminate\\Pipeline\\Pipeline.php(183): Illuminate\\Http\\Middleware\\ValidatePostSize->handle(Object(Illuminate\\Http\\Request), Object(Closure))
#28 D:\\Code\\Script Laravel\\SOURCE CODE LARAVEL 11\\ Manajemen Project Sederhana\\vendor\\laravel\\framework\\src\\Illuminate\\Foundation\\Http\\Middleware\\PreventRequestsDuringMaintenance.php(110): Illuminate\\Pipeline\\Pipeline->Illuminate\\Pipeline\\{closure}(Object(Illuminate\\Http\\Request))
#29 D:\\Code\\Script Laravel\\SOURCE CODE LARAVEL 11\\ Manajemen Project Sederhana\\vendor\\laravel\\framework\\src\\Illuminate\\Pipeline\\Pipeline.php(183): Illuminate\\Foundation\\Http\\Middleware\\PreventRequestsDuringMaintenance->handle(Object(Illuminate\\Http\\Request), Object(Closure))
#30 D:\\Code\\Script Laravel\\SOURCE CODE LARAVEL 11\\ Manajemen Project Sederhana\\vendor\\laravel\\framework\\src\\Illuminate\\Http\\Middleware\\HandleCors.php(49): Illuminate\\Pipeline\\Pipeline->Illuminate\\Pipeline\\{closure}(Object(Illuminate\\Http\\Request))
#31 D:\\Code\\Script Laravel\\SOURCE CODE LARAVEL 11\\ Manajemen Project Sederhana\\vendor\\laravel\\framework\\src\\Illuminate\\Pipeline\\Pipeline.php(183): Illuminate\\Http\\Middleware\\HandleCors->handle(Object(Illuminate\\Http\\Request), Object(Closure))
#32 D:\\Code\\Script Laravel\\SOURCE CODE LARAVEL 11\\ Manajemen Project Sederhana\\vendor\\laravel\\framework\\src\\Illuminate\\Http\\Middleware\\TrustProxies.php(57): Illuminate\\Pipeline\\Pipeline->Illuminate\\Pipeline\\{closure}(Object(Illuminate\\Http\\Request))
#33 D:\\Code\\Script Laravel\\SOURCE CODE LARAVEL 11\\ Manajemen Project Sederhana\\vendor\\laravel\\framework\\src\\Illuminate\\Pipeline\\Pipeline.php(183): Illuminate\\Http\\Middleware\\TrustProxies->handle(Object(Illuminate\\Http\\Request), Object(Closure))
#34 D:\\Code\\Script Laravel\\SOURCE CODE LARAVEL 11\\ Manajemen Project Sederhana\\vendor\\laravel\\framework\\src\\Illuminate\\Pipeline\\Pipeline.php(119): Illuminate\\Pipeline\\Pipeline->Illuminate\\Pipeline\\{closure}(Object(Illuminate\\Http\\Request))
#35 D:\\Code\\Script Laravel\\SOURCE CODE LARAVEL 11\\ Manajemen Project Sederhana\\vendor\\laravel\\framework\\src\\Illuminate\\Foundation\\Http\\Kernel.php(175): Illuminate\\Pipeline\\Pipeline->then(Object(Closure))
#36 D:\\Code\\Script Laravel\\SOURCE CODE LARAVEL 11\\ Manajemen Project Sederhana\\vendor\\laravel\\framework\\src\\Illuminate\\Foundation\\Http\\Kernel.php(144): Illuminate\\Foundation\\Http\\Kernel->sendRequestThroughRouter(Object(Illuminate\\Http\\Request))
#37 D:\\Code\\Script Laravel\\SOURCE CODE LARAVEL 11\\ Manajemen Project Sederhana\\vendor\\laravel\\framework\\src\\Illuminate\\Foundation\\Application.php(1168): Illuminate\\Foundation\\Http\\Kernel->handle(Object(Illuminate\\Http\\Request))
#38 D:\\Code\\Script Laravel\\SOURCE CODE LARAVEL 11\\ Manajemen Project Sederhana\\public\\index.php(17): Illuminate\\Foundation\\Application->handleRequest(Object(Illuminate\\Http\\Request))
#39 D:\\Code\\Script Laravel\\SOURCE CODE LARAVEL 11\\ Manajemen Project Sederhana\\vendor\\laravel\\framework\\src\\Illuminate\\Foundation\\resources\\server.php(16): require_once('D:\\\\Code\\\\Script ...')
#40 {main}
"} 
[2026-06-20 15:04:42] local.ERROR: Please provide a valid cache path. {"userId":1,"exception":"[object] (InvalidArgumentException(code: 0): Please provide a valid cache path. at D:\\Code\\Script Laravel\\SOURCE CODE LARAVEL 11\\ Manajemen Project Sederhana\\vendor\\laravel\\framework\\src\\Illuminate\\View\\Compilers\\Compiler.php:67)
[stacktrace]
#0 D:\\Code\\Script Laravel\\SOURCE CODE LARAVEL 11\\ Manajemen Project Sederhana\\vendor\\laravel\\framework\\src\\Illuminate\\View\\ViewServiceProvider.php(96): Illuminate\\View\\Compilers\\Compiler->__construct(Object(Illuminate\\Filesystem\\Filesystem), false, '', true, 'php')
#1 D:\\Code\\Script Laravel\\SOURCE CODE LARAVEL 11\\ Manajemen Project Sederhana\\vendor\\laravel\\framework\\src\\Illuminate\\Container\\Container.php(900): Illuminate\\View\\ViewServiceProvider->Illuminate\\View\\{closure}(Object(Illuminate\\Foundation\\Application), Array)
#2 D:\\Code\\Script Laravel\\SOURCE CODE LARAVEL 11\\ Manajemen Project Sederhana\\vendor\\laravel\\framework\\src\\Illuminate\\Container\\Container.php(787): Illuminate\\Container\\Container->build(Object(Closure))
#3 D:\\Code\\Script Laravel\\SOURCE CODE LARAVEL 11\\ Manajemen Project Sederhana\\vendor\\laravel\\framework\\src\\Illuminate\\Foundation\\Application.php(1026): Illuminate\\Container\\Container->resolve('blade.compiler', Array, true)
#4 D:\\Code\\Script Laravel\\SOURCE CODE LARAVEL 11\\ Manajemen Project Sederhana\\vendor\\laravel\\framework\\src\\Illuminate\\Container\\Container.php(723): Illuminate\\Foundation\\Application->resolve('blade.compiler', Array)
#5 D:\\Code\\Script Laravel\\SOURCE CODE LARAVEL 11\\ Manajemen Project Sederhana\\vendor\\laravel\\framework\\src\\Illuminate\\Foundation\\Application.php(1011): Illuminate\\Container\\Container->make('blade.compiler', Array)
#6 D:\\Code\\Script Laravel\\SOURCE CODE LARAVEL 11\\ Manajemen Project Sederhana\\vendor\\laravel\\framework\\src\\Illuminate\\Container\\Container.php(1446): Illuminate\\Foundation\\Application->make('blade.compiler')
#7 D:\\Code\\Script Laravel\\SOURCE CODE LARAVEL 11\\ Manajemen Project Sederhana\\vendor\\laravel\\framework\\src\\Illuminate\\View\\ViewServiceProvider.php(164): Illuminate\\Container\\Container->offsetGet('blade.compiler')
#8 [internal function]: Illuminate\\View\\ViewServiceProvider->Illuminate\\View\\{closure}()
#9 D:\\Code\\Script Laravel\\SOURCE CODE LARAVEL 11\\ Manajemen Project Sederhana\\vendor\\laravel\\framework\\src\\Illuminate\\View\\Engines\\EngineResolver.php(55): call_user_func(Object(Closure))
#10 D:\\Code\\Script Laravel\\SOURCE CODE LARAVEL 11\\ Manajemen Project Sederhana\\vendor\\laravel\\framework\\src\\Illuminate\\View\\Factory.php(326): Illuminate\\View\\Engines\\EngineResolver->resolve('blade')
#11 D:\\Code\\Script Laravel\\SOURCE CODE LARAVEL 11\\ Manajemen Project Sederhana\\vendor\\laravel\\framework\\src\\Illuminate\\View\\Factory.php(288): Illuminate\\View\\Factory->getEngineFromPath('D:\\\\Code\\\\Script ...')
#12 D:\\Code\\Script Laravel\\SOURCE CODE LARAVEL 11\\ Manajemen Project Sederhana\\vendor\\laravel\\framework\\src\\Illuminate\\View\\Factory.php(160): Illuminate\\View\\Factory->viewInstance('app', 'D:\\\\Code\\\\Script ...', Array)
#13 D:\\Code\\Script Laravel\\SOURCE CODE LARAVEL 11\\ Manajemen Project Sederhana\\vendor\\laravel\\framework\\src\\Illuminate\\Routing\\ResponseFactory.php(88): Illuminate\\View\\Factory->make('app', Array)
#14 D:\\Code\\Script Laravel\\SOURCE CODE LARAVEL 11\\ Manajemen Project Sederhana\\vendor\\laravel\\framework\\src\\Illuminate\\Support\\Facades\\Facade.php(357): Illuminate\\Routing\\ResponseFactory->view('app', Array)
#15 D:\\Code\\Script Laravel\\SOURCE CODE LARAVEL 11\\ Manajemen Project Sederhana\\vendor\\inertiajs\\inertia-laravel\\src\\Response.php(111): Illuminate\\Support\\Facades\\Facade::__callStatic('view', Array)
#16 D:\\Code\\Script Laravel\\SOURCE CODE LARAVEL 11\\ Manajemen Project Sederhana\\vendor\\laravel\\framework\\src\\Illuminate\\Routing\\Router.php(900): Inertia\\Response->toResponse(Object(Illuminate\\Http\\Request))
#17 D:\\Code\\Script Laravel\\SOURCE CODE LARAVEL 11\\ Manajemen Project Sederhana\\vendor\\laravel\\framework\\src\\Illuminate\\Routing\\Router.php(885): Illuminate\\Routing\\Router::toResponse(Object(Illuminate\\Http\\Request), Object(Inertia\\Response))
#18 D:\\Code\\Script Laravel\\SOURCE CODE LARAVEL 11\\ Manajemen Project Sederhana\\vendor\\laravel\\framework\\src\\Illuminate\\Routing\\Router.php(805): Illuminate\\Routing\\Router->prepareResponse(Object(Illuminate\\Http\\Request), Object(Inertia\\Response))
#19 D:\\Code\\Script Laravel\\SOURCE CODE LARAVEL 11\\ Manajemen Project Sederhana\\vendor\\laravel\\framework\\src\\Illuminate\\Pipeline\\Pipeline.php(144): Illuminate\\Routing\\Router->Illuminate\\Routing\\{closure}(Object(Illuminate\\Http\\Request))
#20 D:\\Code\\Script Laravel\\SOURCE CODE LARAVEL 11\\ Manajemen Project Sederhana\\vendor\\laravel\\framework\\src\\Illuminate\\Auth\\Middleware\\EnsureEmailIsVerified.php(41): Illuminate\\Pipeline\\Pipeline->Illuminate\\Pipeline\\{closure}(Object(Illuminate\\Http\\Request))
#21 D:\\Code\\Script Laravel\\SOURCE CODE LARAVEL 11\\ Manajemen Project Sederhana\\vendor\\laravel\\framework\\src\\Illuminate\\Pipeline\\Pipeline.php(183): Illuminate\\Auth\\Middleware\\EnsureEmailIsVerified->handle(Object(Illuminate\\Http\\Request), Object(Closure))
#22 D:\\Code\\Script Laravel\\SOURCE CODE LARAVEL 11\\ Manajemen Project Sederhana\\vendor\\laravel\\framework\\src\\Illuminate\\Http\\Middleware\\AddLinkHeadersForPreloadedAssets.php(19): Illuminate\\Pipeline\\Pipeline->Illuminate\\Pipeline\\{closure}(Object(Illuminate\\Http\\Request))
#23 D:\\Code\\Script Laravel\\SOURCE CODE LARAVEL 11\\ Manajemen Project Sederhana\\vendor\\laravel\\framework\\src\\Illuminate\\Pipeline\\Pipeline.php(183): Illuminate\\Http\\Middleware\\AddLinkHeadersForPreloadedAssets->handle(Object(Illuminate\\Http\\Request), Object(Closure))
#24 D:\\Code\\Script Laravel\\SOURCE CODE LARAVEL 11\\ Manajemen Project Sederhana\\vendor\\inertiajs\\inertia-laravel\\src\\Middleware.php(87): Illuminate\\Pipeline\\Pipeline->Illuminate\\Pipeline\\{closure}(Object(Illuminate\\Http\\Request))
#25 D:\\Code\\Script Laravel\\SOURCE CODE LARAVEL 11\\ Manajemen Project Sederhana\\vendor\\laravel\\framework\\src\\Illuminate\\Pipeline\\Pipeline.php(183): Inertia\\Middleware->handle(Object(Illuminate\\Http\\Request), Object(Closure))
#26 D:\\Code\\Script Laravel\\SOURCE CODE LARAVEL 11\\ Manajemen Project Sederhana\\vendor\\laravel\\framework\\src\\Illuminate\\Routing\\Middleware\\SubstituteBindings.php(50): Illuminate\\Pipeline\\Pipeline->Illuminate\\Pipeline\\{closure}(Object(Illuminate\\Http\\Request))
#27 D:\\Code\\Script Laravel\\SOURCE CODE LARAVEL 11\\ Manajemen Project Sederhana\\vendor\\laravel\\framework\\src\\Illuminate\\Pipeline\\Pipeline.php(183): Illuminate\\Routing\\Middleware\\SubstituteBindings->handle(Object(Illuminate\\Http\\Request), Object(Closure))
#28 D:\\Code\\Script Laravel\\SOURCE CODE LARAVEL 11\\ Manajemen Project Sederhana\\vendor\\laravel\\framework\\src\\Illuminate\\Auth\\Middleware\\Authenticate.php(64): Illuminate\\Pipeline\\Pipeline->Illuminate\\Pipeline\\{closure}(Object(Illuminate\\Http\\Request))
#29 D:\\Code\\Script Laravel\\SOURCE CODE LARAVEL 11\\ Manajemen Project Sederhana\\vendor\\laravel\\framework\\src\\Illuminate\\Pipeline\\Pipeline.php(183): Illuminate\\Auth\\Middleware\\Authenticate->handle(Object(Illuminate\\Http\\Request), Object(Closure))
#30 D:\\Code\\Script Laravel\\SOURCE CODE LARAVEL 11\\ Manajemen Project Sederhana\\vendor\\laravel\\framework\\src\\Illuminate\\Foundation\\Http\\Middleware\\VerifyCsrfToken.php(88): Illuminate\\Pipeline\\Pipeline->Illuminate\\Pipeline\\{closure}(Object(Illuminate\\Http\\Request))
#31 D:\\Code\\Script Laravel\\SOURCE CODE LARAVEL 11\\ Manajemen Project Sederhana\\vendor\\laravel\\framework\\src\\Illuminate\\Pipeline\\Pipeline.php(183): Illuminate\\Foundation\\Http\\Middleware\\VerifyCsrfToken->handle(Object(Illuminate\\Http\\Request), Object(Closure))
#32 D:\\Code\\Script Laravel\\SOURCE CODE LARAVEL 11\\ Manajemen Project Sederhana\\vendor\\laravel\\framework\\src\\Illuminate\\View\\Middleware\\ShareErrorsFromSession.php(49): Illuminate\\Pipeline\\Pipeline->Illuminate\\Pipeline\\{closure}(Object(Illuminate\\Http\\Request))
#33 D:\\Code\\Script Laravel\\SOURCE CODE LARAVEL 11\\ Manajemen Project Sederhana\\vendor\\laravel\\framework\\src\\Illuminate\\Pipeline\\Pipeline.php(183): Illuminate\\View\\Middleware\\ShareErrorsFromSession->handle(Object(Illuminate\\Http\\Request), Object(Closure))
#34 D:\\Code\\Script Laravel\\SOURCE CODE LARAVEL 11\\ Manajemen Project Sederhana\\vendor\\laravel\\framework\\src\\Illuminate\\Session\\Middleware\\StartSession.php(121): Illuminate\\Pipeline\\Pipeline->Illuminate\\Pipeline\\{closure}(Object(Illuminate\\Http\\Request))
#35 D:\\Code\\Script Laravel\\SOURCE CODE LARAVEL 11\\ Manajemen Project Sederhana\\vendor\\laravel\\framework\\src\\Illuminate\\Session\\Middleware\\StartSession.php(64): Illuminate\\Session\\Middleware\\StartSession->handleStatefulRequest(Object(Illuminate\\Http\\Request), Object(Illuminate\\Session\\Store), Object(Closure))
#36 D:\\Code\\Script Laravel\\SOURCE CODE LARAVEL 11\\ Manajemen Project Sederhana\\vendor\\laravel\\framework\\src\\Illuminate\\Pipeline\\Pipeline.php(183): Illuminate\\Session\\Middleware\\StartSession->handle(Object(Illuminate\\Http\\Request), Object(Closure))
#37 D:\\Code\\Script Laravel\\SOURCE CODE LARAVEL 11\\ Manajemen Project Sederhana\\vendor\\laravel\\framework\\src\\Illuminate\\Cookie\\Middleware\\AddQueuedCookiesToResponse.php(37): Illuminate\\Pipeline\\Pipeline->Illuminate\\Pipeline\\{closure}(Object(Illuminate\\Http\\Request))
#38 D:\\Code\\Script Laravel\\SOURCE CODE LARAVEL 11\\ Manajemen Project Sederhana\\vendor\\laravel\\framework\\src\\Illuminate\\Pipeline\\Pipeline.php(183): Illuminate\\Cookie\\Middleware\\AddQueuedCookiesToResponse->handle(Object(Illuminate\\Http\\Request), Object(Closure))
#39 D:\\Code\\Script Laravel\\SOURCE CODE LARAVEL 11\\ Manajemen Project Sederhana\\vendor\\laravel\\framework\\src\\Illuminate\\Cookie\\Middleware\\EncryptCookies.php(75): Illuminate\\Pipeline\\Pipeline->Illuminate\\Pipeline\\{closure}(Object(Illuminate\\Http\\Request))
#40 D:\\Code\\Script Laravel\\SOURCE CODE LARAVEL 11\\ Manajemen Project Sederhana\\vendor\\laravel\\framework\\src\\Illuminate\\Pipeline\\Pipeline.php(183): Illuminate\\Cookie\\Middleware\\EncryptCookies->handle(Object(Illuminate\\Http\\Request), Object(Closure))
#41 D:\\Code\\Script Laravel\\SOURCE CODE LARAVEL 11\\ Manajemen Project Sederhana\\vendor\\laravel\\framework\\src\\Illuminate\\Pipeline\\Pipeline.php(119): Illuminate\\Pipeline\\Pipeline->Illuminate\\Pipeline\\{closure}(Object(Illuminate\\Http\\Request))
#42 D:\\Code\\Script Laravel\\SOURCE CODE LARAVEL 11\\ Manajemen Project Sederhana\\vendor\\laravel\\framework\\src\\Illuminate\\Routing\\Router.php(805): Illuminate\\Pipeline\\Pipeline->then(Object(Closure))
#43 D:\\Code\\Script Laravel\\SOURCE CODE LARAVEL 11\\ Manajemen Project Sederhana\\vendor\\laravel\\framework\\src\\Illuminate\\Routing\\Router.php(784): Illuminate\\Routing\\Router->runRouteWithinStack(Object(Illuminate\\Routing\\Route), Object(Illuminate\\Http\\Request))
#44 D:\\Code\\Script Laravel\\SOURCE CODE LARAVEL 11\\ Manajemen Project Sederhana\\vendor\\laravel\\framework\\src\\Illuminate\\Routing\\Router.php(748): Illuminate\\Routing\\Router->runRoute(Object(Illuminate\\Http\\Request), Object(Illuminate\\Routing\\Route))
#45 D:\\Code\\Script Laravel\\SOURCE CODE LARAVEL 11\\ Manajemen Project Sederhana\\vendor\\laravel\\framework\\src\\Illuminate\\Routing\\Router.php(737): Illuminate\\Routing\\Router->dispatchToRoute(Object(Illuminate\\Http\\Request))
#46 D:\\Code\\Script Laravel\\SOURCE CODE LARAVEL 11\\ Manajemen Project Sederhana\\vendor\\laravel\\framework\\src\\Illuminate\\Foundation\\Http\\Kernel.php(200): Illuminate\\Routing\\Router->dispatch(Object(Illuminate\\Http\\Request))
#47 D:\\Code\\Script Laravel\\SOURCE CODE LARAVEL 11\\ Manajemen Project Sederhana\\vendor\\laravel\\framework\\src\\Illuminate\\Pipeline\\Pipeline.php(144): Illuminate\\Foundation\\Http\\Kernel->Illuminate\\Foundation\\Http\\{closure}(Object(Illuminate\\Http\\Request))
#48 D:\\Code\\Script Laravel\\SOURCE CODE LARAVEL 11\\ Manajemen Project Sederhana\\vendor\\laravel\\framework\\src\\Illuminate\\Foundation\\Http\\Middleware\\TransformsRequest.php(21): Illuminate\\Pipeline\\Pipeline->Illuminate\\Pipeline\\{closure}(Object(Illuminate\\Http\\Request))
#49 D:\\Code\\Script Laravel\\SOURCE CODE LARAVEL 11\\ Manajemen Project Sederhana\\vendor\\laravel\\framework\\src\\Illuminate\\Foundation\\Http\\Middleware\\ConvertEmptyStringsToNull.php(31): Illuminate\\Foundation\\Http\\Middleware\\TransformsRequest->handle(Object(Illuminate\\Http\\Request), Object(Closure))
#50 D:\\Code\\Script Laravel\\SOURCE CODE LARAVEL 11\\ Manajemen Project Sederhana\\vendor\\laravel\\framework\\src\\Illuminate\\Pipeline\\Pipeline.php(183): Illuminate\\Foundation\\Http\\Middleware\\ConvertEmptyStringsToNull->handle(Object(Illuminate\\Http\\Request), Object(Closure))
#51 D:\\Code\\Script Laravel\\SOURCE CODE LARAVEL 11\\ Manajemen Project Sederhana\\vendor\\laravel\\framework\\src\\Illuminate\\Foundation\\Http\\Middleware\\TransformsRequest.php(21): Illuminate\\Pipeline\\Pipeline->Illuminate\\Pipeline\\{closure}(Object(Illuminate\\Http\\Request))
#52 D:\\Code\\Script Laravel\\SOURCE CODE LARAVEL 11\\ Manajemen Project Sederhana\\vendor\\laravel\\framework\\src\\Illuminate\\Foundation\\Http\\Middleware\\TrimStrings.php(51): Illuminate\\Foundation\\Http\\Middleware\\TransformsRequest->handle(Object(Illuminate\\Http\\Request), Object(Closure))
#53 D:\\Code\\Script Laravel\\SOURCE CODE LARAVEL 11\\ Manajemen Project Sederhana\\vendor\\laravel\\framework\\src\\Illuminate\\Pipeline\\Pipeline.php(183): Illuminate\\Foundation\\Http\\Middleware\\TrimStrings->handle(Object(Illuminate\\Http\\Request), Object(Closure))
#54 D:\\Code\\Script Laravel\\SOURCE CODE LARAVEL 11\\ Manajemen Project Sederhana\\vendor\\laravel\\framework\\src\\Illuminate\\Http\\Middleware\\ValidatePostSize.php(27): Illuminate\\Pipeline\\Pipeline->Illuminate\\Pipeline\\{closure}(Object(Illuminate\\Http\\Request))
#55 D:\\Code\\Script Laravel\\SOURCE CODE LARAVEL 11\\ Manajemen Project Sederhana\\vendor\\laravel\\framework\\src\\Illuminate\\Pipeline\\Pipeline.php(183): Illuminate\\Http\\Middleware\\ValidatePostSize->handle(Object(Illuminate\\Http\\Request), Object(Closure))
#56 D:\\Code\\Script Laravel\\SOURCE CODE LARAVEL 11\\ Manajemen Project Sederhana\\vendor\\laravel\\framework\\src\\Illuminate\\Foundation\\Http\\Middleware\\PreventRequestsDuringMaintenance.php(110): Illuminate\\Pipeline\\Pipeline->Illuminate\\Pipeline\\{closure}(Object(Illuminate\\Http\\Request))
#57 D:\\Code\\Script Laravel\\SOURCE CODE LARAVEL 11\\ Manajemen Project Sederhana\\vendor\\laravel\\framework\\src\\Illuminate\\Pipeline\\Pipeline.php(183): Illuminate\\Foundation\\Http\\Middleware\\PreventRequestsDuringMaintenance->handle(Object(Illuminate\\Http\\Request), Object(Closure))
#58 D:\\Code\\Script Laravel\\SOURCE CODE LARAVEL 11\\ Manajemen Project Sederhana\\vendor\\laravel\\framework\\src\\Illuminate\\Http\\Middleware\\HandleCors.php(49): Illuminate\\Pipeline\\Pipeline->Illuminate\\Pipeline\\{closure}(Object(Illuminate\\Http\\Request))
#59 D:\\Code\\Script Laravel\\SOURCE CODE LARAVEL 11\\ Manajemen Project Sederhana\\vendor\\laravel\\framework\\src\\Illuminate\\Pipeline\\Pipeline.php(183): Illuminate\\Http\\Middleware\\HandleCors->handle(Object(Illuminate\\Http\\Request), Object(Closure))
#60 D:\\Code\\Script Laravel\\SOURCE CODE LARAVEL 11\\ Manajemen Project Sederhana\\vendor\\laravel\\framework\\src\\Illuminate\\Http\\Middleware\\TrustProxies.php(57): Illuminate\\Pipeline\\Pipeline->Illuminate\\Pipeline\\{closure}(Object(Illuminate\\Http\\Request))
#61 D:\\Code\\Script Laravel\\SOURCE CODE LARAVEL 11\\ Manajemen Project Sederhana\\vendor\\laravel\\framework\\src\\Illuminate\\Pipeline\\Pipeline.php(183): Illuminate\\Http\\Middleware\\TrustProxies->handle(Object(Illuminate\\Http\\Request), Object(Closure))
#62 D:\\Code\\Script Laravel\\SOURCE CODE LARAVEL 11\\ Manajemen Project Sederhana\\vendor\\laravel\\framework\\src\\Illuminate\\Pipeline\\Pipeline.php(119): Illuminate\\Pipeline\\Pipeline->Illuminate\\Pipeline\\{closure}(Object(Illuminate\\Http\\Request))
#63 D:\\Code\\Script Laravel\\SOURCE CODE LARAVEL 11\\ Manajemen Project Sederhana\\vendor\\laravel\\framework\\src\\Illuminate\\Foundation\\Http\\Kernel.php(175): Illuminate\\Pipeline\\Pipeline->then(Object(Closure))
#64 D:\\Code\\Script Laravel\\SOURCE CODE LARAVEL 11\\ Manajemen Project Sederhana\\vendor\\laravel\\framework\\src\\Illuminate\\Foundation\\Http\\Kernel.php(144): Illuminate\\Foundation\\Http\\Kernel->sendRequestThroughRouter(Object(Illuminate\\Http\\Request))
#65 D:\\Code\\Script Laravel\\SOURCE CODE LARAVEL 11\\ Manajemen Project Sederhana\\vendor\\laravel\\framework\\src\\Illuminate\\Foundation\\Application.php(1168): Illuminate\\Foundation\\Http\\Kernel->handle(Object(Illuminate\\Http\\Request))
#66 D:\\Code\\Script Laravel\\SOURCE CODE LARAVEL 11\\ Manajemen Project Sederhana\\public\\index.php(17): Illuminate\\Foundation\\Application->handleRequest(Object(Illuminate\\Http\\Request))
#67 D:\\Code\\Script Laravel\\SOURCE CODE LARAVEL 11\\ Manajemen Project Sederhana\\vendor\\laravel\\framework\\src\\Illuminate\\Foundation\\resources\\server.php(16): require_once('D:\\\\Code\\\\Script ...')
#68 {main}
"} 
[2026-06-20 15:04:43] local.ERROR: Please provide a valid cache path. {"exception":"[object] (InvalidArgumentException(code: 0): Please provide a valid cache path. at D:\\Code\\Script Laravel\\SOURCE CODE LARAVEL 11\\ Manajemen Project Sederhana\\vendor\\laravel\\framework\\src\\Illuminate\\View\\Compilers\\Compiler.php:67)
[stacktrace]
#0 D:\\Code\\Script Laravel\\SOURCE CODE LARAVEL 11\\ Manajemen Project Sederhana\\vendor\\laravel\\framework\\src\\Illuminate\\View\\ViewServiceProvider.php(96): Illuminate\\View\\Compilers\\Compiler->__construct(Object(Illuminate\\Filesystem\\Filesystem), false, '', true, 'php')
#1 D:\\Code\\Script Laravel\\SOURCE CODE LARAVEL 11\\ Manajemen Project Sederhana\\vendor\\laravel\\framework\\src\\Illuminate\\Container\\Container.php(900): Illuminate\\View\\ViewServiceProvider->Illuminate\\View\\{closure}(Object(Illuminate\\Foundation\\Application), Array)
#2 D:\\Code\\Script Laravel\\SOURCE CODE LARAVEL 11\\ Manajemen Project Sederhana\\vendor\\laravel\\framework\\src\\Illuminate\\Container\\Container.php(787): Illuminate\\Container\\Container->build(Object(Closure))
#3 D:\\Code\\Script Laravel\\SOURCE CODE LARAVEL 11\\ Manajemen Project Sederhana\\vendor\\laravel\\framework\\src\\Illuminate\\Foundation\\Application.php(1026): Illuminate\\Container\\Container->resolve('blade.compiler', Array, true)
#4 D:\\Code\\Script Laravel\\SOURCE CODE LARAVEL 11\\ Manajemen Project Sederhana\\vendor\\laravel\\framework\\src\\Illuminate\\Container\\Container.php(723): Illuminate\\Foundation\\Application->resolve('blade.compiler', Array)
#5 D:\\Code\\Script Laravel\\SOURCE CODE LARAVEL 11\\ Manajemen Project Sederhana\\vendor\\laravel\\framework\\src\\Illuminate\\Foundation\\Application.php(1011): Illuminate\\Container\\Container->make('blade.compiler', Array)
#6 D:\\Code\\Script Laravel\\SOURCE CODE LARAVEL 11\\ Manajemen Project Sederhana\\vendor\\laravel\\framework\\src\\Illuminate\\Container\\Container.php(1446): Illuminate\\Foundation\\Application->make('blade.compiler')
#7 D:\\Code\\Script Laravel\\SOURCE CODE LARAVEL 11\\ Manajemen Project Sederhana\\vendor\\laravel\\framework\\src\\Illuminate\\View\\ViewServiceProvider.php(164): Illuminate\\Container\\Container->offsetGet('blade.compiler')
#8 [internal function]: Illuminate\\View\\ViewServiceProvider->Illuminate\\View\\{closure}()
#9 D:\\Code\\Script Laravel\\SOURCE CODE LARAVEL 11\\ Manajemen Project Sederhana\\vendor\\laravel\\framework\\src\\Illuminate\\View\\Engines\\EngineResolver.php(55): call_user_func(Object(Closure))
#10 D:\\Code\\Script Laravel\\SOURCE CODE LARAVEL 11\\ Manajemen Project Sederhana\\vendor\\laravel\\framework\\src\\Illuminate\\View\\Factory.php(326): Illuminate\\View\\Engines\\EngineResolver->resolve('blade')
#11 D:\\Code\\Script Laravel\\SOURCE CODE LARAVEL 11\\ Manajemen Project Sederhana\\vendor\\laravel\\framework\\src\\Illuminate\\View\\Factory.php(288): Illuminate\\View\\Factory->getEngineFromPath('D:\\\\Code\\\\Script ...')
#12 D:\\Code\\Script Laravel\\SOURCE CODE LARAVEL 11\\ Manajemen Project Sederhana\\vendor\\laravel\\framework\\src\\Illuminate\\View\\Factory.php(160): Illuminate\\View\\Factory->viewInstance('errors::404', 'D:\\\\Code\\\\Script ...', Array)
#13 D:\\Code\\Script Laravel\\SOURCE CODE LARAVEL 11\\ Manajemen Project Sederhana\\vendor\\laravel\\framework\\src\\Illuminate\\Routing\\ResponseFactory.php(88): Illuminate\\View\\Factory->make('errors::404', Array)
#14 D:\\Code\\Script Laravel\\SOURCE CODE LARAVEL 11\\ Manajemen Project Sederhana\\vendor\\laravel\\framework\\src\\Illuminate\\Foundation\\Exceptions\\Handler.php(879): Illuminate\\Routing\\ResponseFactory->view('errors::404', Array, 404, Array)
#15 D:\\Code\\Script Laravel\\SOURCE CODE LARAVEL 11\\ Manajemen Project Sederhana\\vendor\\laravel\\framework\\src\\Illuminate\\Foundation\\Exceptions\\Handler.php(806): Illuminate\\Foundation\\Exceptions\\Handler->renderHttpException(Object(Symfony\\Component\\HttpKernel\\Exception\\NotFoundHttpException))
#16 D:\\Code\\Script Laravel\\SOURCE CODE LARAVEL 11\\ Manajemen Project Sederhana\\vendor\\laravel\\framework\\src\\Illuminate\\Foundation\\Exceptions\\Handler.php(697): Illuminate\\Foundation\\Exceptions\\Handler->prepareResponse(Object(Illuminate\\Http\\Request), Object(Symfony\\Component\\HttpKernel\\Exception\\NotFoundHttpException))
#17 D:\\Code\\Script Laravel\\SOURCE CODE LARAVEL 11\\ Manajemen Project Sederhana\\vendor\\laravel\\framework\\src\\Illuminate\\Foundation\\Exceptions\\Handler.php(586): Illuminate\\Foundation\\Exceptions\\Handler->renderExceptionResponse(Object(Illuminate\\Http\\Request), Object(Symfony\\Component\\HttpKernel\\Exception\\NotFoundHttpException))
#18 D:\\Code\\Script Laravel\\SOURCE CODE LARAVEL 11\\ Manajemen Project Sederhana\\vendor\\laravel\\framework\\src\\Illuminate\\Routing\\Pipeline.php(51): Illuminate\\Foundation\\Exceptions\\Handler->render(Object(Illuminate\\Http\\Request), Object(Symfony\\Component\\HttpKernel\\Exception\\NotFoundHttpException))
#19 D:\\Code\\Script Laravel\\SOURCE CODE LARAVEL 11\\ Manajemen Project Sederhana\\vendor\\laravel\\framework\\src\\Illuminate\\Pipeline\\Pipeline.php(146): Illuminate\\Routing\\Pipeline->handleException(Object(Illuminate\\Http\\Request), Object(Symfony\\Component\\HttpKernel\\Exception\\NotFoundHttpException))
#20 D:\\Code\\Script Laravel\\SOURCE CODE LARAVEL 11\\ Manajemen Project Sederhana\\vendor\\laravel\\framework\\src\\Illuminate\\Foundation\\Http\\Middleware\\TransformsRequest.php(21): Illuminate\\Pipeline\\Pipeline->Illuminate\\Pipeline\\{closure}(Object(Illuminate\\Http\\Request))
#21 D:\\Code\\Script Laravel\\SOURCE CODE LARAVEL 11\\ Manajemen Project Sederhana\\vendor\\laravel\\framework\\src\\Illuminate\\Foundation\\Http\\Middleware\\ConvertEmptyStringsToNull.php(31): Illuminate\\Foundation\\Http\\Middleware\\TransformsRequest->handle(Object(Illuminate\\Http\\Request), Object(Closure))
#22 D:\\Code\\Script Laravel\\SOURCE CODE LARAVEL 11\\ Manajemen Project Sederhana\\vendor\\laravel\\framework\\src\\Illuminate\\Pipeline\\Pipeline.php(183): Illuminate\\Foundation\\Http\\Middleware\\ConvertEmptyStringsToNull->handle(Object(Illuminate\\Http\\Request), Object(Closure))
#23 D:\\Code\\Script Laravel\\SOURCE CODE LARAVEL 11\\ Manajemen Project Sederhana\\vendor\\laravel\\framework\\src\\Illuminate\\Foundation\\Http\\Middleware\\TransformsRequest.php(21): Illuminate\\Pipeline\\Pipeline->Illuminate\\Pipeline\\{closure}(Object(Illuminate\\Http\\Request))
#24 D:\\Code\\Script Laravel\\SOURCE CODE LARAVEL 11\\ Manajemen Project Sederhana\\vendor\\laravel\\framework\\src\\Illuminate\\Foundation\\Http\\Middleware\\TrimStrings.php(51): Illuminate\\Foundation\\Http\\Middleware\\TransformsRequest->handle(Object(Illuminate\\Http\\Request), Object(Closure))
#25 D:\\Code\\Script Laravel\\SOURCE CODE LARAVEL 11\\ Manajemen Project Sederhana\\vendor\\laravel\\framework\\src\\Illuminate\\Pipeline\\Pipeline.php(183): Illuminate\\Foundation\\Http\\Middleware\\TrimStrings->handle(Object(Illuminate\\Http\\Request), Object(Closure))
#26 D:\\Code\\Script Laravel\\SOURCE CODE LARAVEL 11\\ Manajemen Project Sederhana\\vendor\\laravel\\framework\\src\\Illuminate\\Http\\Middleware\\ValidatePostSize.php(27): Illuminate\\Pipeline\\Pipeline->Illuminate\\Pipeline\\{closure}(Object(Illuminate\\Http\\Request))
#27 D:\\Code\\Script Laravel\\SOURCE CODE LARAVEL 11\\ Manajemen Project Sederhana\\vendor\\laravel\\framework\\src\\Illuminate\\Pipeline\\Pipeline.php(183): Illuminate\\Http\\Middleware\\ValidatePostSize->handle(Object(Illuminate\\Http\\Request), Object(Closure))
#28 D:\\Code\\Script Laravel\\SOURCE CODE LARAVEL 11\\ Manajemen Project Sederhana\\vendor\\laravel\\framework\\src\\Illuminate\\Foundation\\Http\\Middleware\\PreventRequestsDuringMaintenance.php(110): Illuminate\\Pipeline\\Pipeline->Illuminate\\Pipeline\\{closure}(Object(Illuminate\\Http\\Request))
#29 D:\\Code\\Script Laravel\\SOURCE CODE LARAVEL 11\\ Manajemen Project Sederhana\\vendor\\laravel\\framework\\src\\Illuminate\\Pipeline\\Pipeline.php(183): Illuminate\\Foundation\\Http\\Middleware\\PreventRequestsDuringMaintenance->handle(Object(Illuminate\\Http\\Request), Object(Closure))
#30 D:\\Code\\Script Laravel\\SOURCE CODE LARAVEL 11\\ Manajemen Project Sederhana\\vendor\\laravel\\framework\\src\\Illuminate\\Http\\Middleware\\HandleCors.php(49): Illuminate\\Pipeline\\Pipeline->Illuminate\\Pipeline\\{closure}(Object(Illuminate\\Http\\Request))
#31 D:\\Code\\Script Laravel\\SOURCE CODE LARAVEL 11\\ Manajemen Project Sederhana\\vendor\\laravel\\framework\\src\\Illuminate\\Pipeline\\Pipeline.php(183): Illuminate\\Http\\Middleware\\HandleCors->handle(Object(Illuminate\\Http\\Request), Object(Closure))
#32 D:\\Code\\Script Laravel\\SOURCE CODE LARAVEL 11\\ Manajemen Project Sederhana\\vendor\\laravel\\framework\\src\\Illuminate\\Http\\Middleware\\TrustProxies.php(57): Illuminate\\Pipeline\\Pipeline->Illuminate\\Pipeline\\{closure}(Object(Illuminate\\Http\\Request))
#33 D:\\Code\\Script Laravel\\SOURCE CODE LARAVEL 11\\ Manajemen Project Sederhana\\vendor\\laravel\\framework\\src\\Illuminate\\Pipeline\\Pipeline.php(183): Illuminate\\Http\\Middleware\\TrustProxies->handle(Object(Illuminate\\Http\\Request), Object(Closure))
#34 D:\\Code\\Script Laravel\\SOURCE CODE LARAVEL 11\\ Manajemen Project Sederhana\\vendor\\laravel\\framework\\src\\Illuminate\\Pipeline\\Pipeline.php(119): Illuminate\\Pipeline\\Pipeline->Illuminate\\Pipeline\\{closure}(Object(Illuminate\\Http\\Request))
#35 D:\\Code\\Script Laravel\\SOURCE CODE LARAVEL 11\\ Manajemen Project Sederhana\\vendor\\laravel\\framework\\src\\Illuminate\\Foundation\\Http\\Kernel.php(175): Illuminate\\Pipeline\\Pipeline->then(Object(Closure))
#36 D:\\Code\\Script Laravel\\SOURCE CODE LARAVEL 11\\ Manajemen Project Sederhana\\vendor\\laravel\\framework\\src\\Illuminate\\Foundation\\Http\\Kernel.php(144): Illuminate\\Foundation\\Http\\Kernel->sendRequestThroughRouter(Object(Illuminate\\Http\\Request))
#37 D:\\Code\\Script Laravel\\SOURCE CODE LARAVEL 11\\ Manajemen Project Sederhana\\vendor\\laravel\\framework\\src\\Illuminate\\Foundation\\Application.php(1168): Illuminate\\Foundation\\Http\\Kernel->handle(Object(Illuminate\\Http\\Request))
#38 D:\\Code\\Script Laravel\\SOURCE CODE LARAVEL 11\\ Manajemen Project Sederhana\\public\\index.php(17): Illuminate\\Foundation\\Application->handleRequest(Object(Illuminate\\Http\\Request))
#39 D:\\Code\\Script Laravel\\SOURCE CODE LARAVEL 11\\ Manajemen Project Sederhana\\vendor\\laravel\\framework\\src\\Illuminate\\Foundation\\resources\\server.php(16): require_once('D:\\\\Code\\\\Script ...')
#40 {main}
"} 
[2026-06-20 15:04:57] local.ERROR: Please provide a valid cache path. {"userId":1,"exception":"[object] (InvalidArgumentException(code: 0): Please provide a valid cache path. at D:\\Code\\Script Laravel\\SOURCE CODE LARAVEL 11\\ Manajemen Project Sederhana\\vendor\\laravel\\framework\\src\\Illuminate\\View\\Compilers\\Compiler.php:67)
[stacktrace]
#0 D:\\Code\\Script Laravel\\SOURCE CODE LARAVEL 11\\ Manajemen Project Sederhana\\vendor\\laravel\\framework\\src\\Illuminate\\View\\ViewServiceProvider.php(96): Illuminate\\View\\Compilers\\Compiler->__construct(Object(Illuminate\\Filesystem\\Filesystem), false, '', true, 'php')
#1 D:\\Code\\Script Laravel\\SOURCE CODE LARAVEL 11\\ Manajemen Project Sederhana\\vendor\\laravel\\framework\\src\\Illuminate\\Container\\Container.php(900): Illuminate\\View\\ViewServiceProvider->Illuminate\\View\\{closure}(Object(Illuminate\\Foundation\\Application), Array)
#2 D:\\Code\\Script Laravel\\SOURCE CODE LARAVEL 11\\ Manajemen Project Sederhana\\vendor\\laravel\\framework\\src\\Illuminate\\Container\\Container.php(787): Illuminate\\Container\\Container->build(Object(Closure))
#3 D:\\Code\\Script Laravel\\SOURCE CODE LARAVEL 11\\ Manajemen Project Sederhana\\vendor\\laravel\\framework\\src\\Illuminate\\Foundation\\Application.php(1026): Illuminate\\Container\\Container->resolve('blade.compiler', Array, true)
#4 D:\\Code\\Script Laravel\\SOURCE CODE LARAVEL 11\\ Manajemen Project Sederhana\\vendor\\laravel\\framework\\src\\Illuminate\\Container\\Container.php(723): Illuminate\\Foundation\\Application->resolve('blade.compiler', Array)
#5 D:\\Code\\Script Laravel\\SOURCE CODE LARAVEL 11\\ Manajemen Project Sederhana\\vendor\\laravel\\framework\\src\\Illuminate\\Foundation\\Application.php(1011): Illuminate\\Container\\Container->make('blade.compiler', Array)
#6 D:\\Code\\Script Laravel\\SOURCE CODE LARAVEL 11\\ Manajemen Project Sederhana\\vendor\\laravel\\framework\\src\\Illuminate\\Container\\Container.php(1446): Illuminate\\Foundation\\Application->make('blade.compiler')
#7 D:\\Code\\Script Laravel\\SOURCE CODE LARAVEL 11\\ Manajemen Project Sederhana\\vendor\\laravel\\framework\\src\\Illuminate\\View\\ViewServiceProvider.php(164): Illuminate\\Container\\Container->offsetGet('blade.compiler')
#8 [internal function]: Illuminate\\View\\ViewServiceProvider->Illuminate\\View\\{closure}()
#9 D:\\Code\\Script Laravel\\SOURCE CODE LARAVEL 11\\ Manajemen Project Sederhana\\vendor\\laravel\\framework\\src\\Illuminate\\View\\Engines\\EngineResolver.php(55): call_user_func(Object(Closure))
#10 D:\\Code\\Script Laravel\\SOURCE CODE LARAVEL 11\\ Manajemen Project Sederhana\\vendor\\laravel\\framework\\src\\Illuminate\\View\\Factory.php(326): Illuminate\\View\\Engines\\EngineResolver->resolve('blade')
#11 D:\\Code\\Script Laravel\\SOURCE CODE LARAVEL 11\\ Manajemen Project Sederhana\\vendor\\laravel\\framework\\src\\Illuminate\\View\\Factory.php(288): Illuminate\\View\\Factory->getEngineFromPath('D:\\\\Code\\\\Script ...')
#12 D:\\Code\\Script Laravel\\SOURCE CODE LARAVEL 11\\ Manajemen Project Sederhana\\vendor\\laravel\\framework\\src\\Illuminate\\View\\Factory.php(160): Illuminate\\View\\Factory->viewInstance('app', 'D:\\\\Code\\\\Script ...', Array)
#13 D:\\Code\\Script Laravel\\SOURCE CODE LARAVEL 11\\ Manajemen Project Sederhana\\vendor\\laravel\\framework\\src\\Illuminate\\Routing\\ResponseFactory.php(88): Illuminate\\View\\Factory->make('app', Array)
#14 D:\\Code\\Script Laravel\\SOURCE CODE LARAVEL 11\\ Manajemen Project Sederhana\\vendor\\laravel\\framework\\src\\Illuminate\\Support\\Facades\\Facade.php(357): Illuminate\\Routing\\ResponseFactory->view('app', Array)
#15 D:\\Code\\Script Laravel\\SOURCE CODE LARAVEL 11\\ Manajemen Project Sederhana\\vendor\\inertiajs\\inertia-laravel\\src\\Response.php(111): Illuminate\\Support\\Facades\\Facade::__callStatic('view', Array)
#16 D:\\Code\\Script Laravel\\SOURCE CODE LARAVEL 11\\ Manajemen Project Sederhana\\vendor\\laravel\\framework\\src\\Illuminate\\Routing\\Router.php(900): Inertia\\Response->toResponse(Object(Illuminate\\Http\\Request))
#17 D:\\Code\\Script Laravel\\SOURCE CODE LARAVEL 11\\ Manajemen Project Sederhana\\vendor\\laravel\\framework\\src\\Illuminate\\Routing\\Router.php(885): Illuminate\\Routing\\Router::toResponse(Object(Illuminate\\Http\\Request), Object(Inertia\\Response))
#18 D:\\Code\\Script Laravel\\SOURCE CODE LARAVEL 11\\ Manajemen Project Sederhana\\vendor\\laravel\\framework\\src\\Illuminate\\Routing\\Router.php(805): Illuminate\\Routing\\Router->prepareResponse(Object(Illuminate\\Http\\Request), Object(Inertia\\Response))
#19 D:\\Code\\Script Laravel\\SOURCE CODE LARAVEL 11\\ Manajemen Project Sederhana\\vendor\\laravel\\framework\\src\\Illuminate\\Pipeline\\Pipeline.php(144): Illuminate\\Routing\\Router->Illuminate\\Routing\\{closure}(Object(Illuminate\\Http\\Request))
#20 D:\\Code\\Script Laravel\\SOURCE CODE LARAVEL 11\\ Manajemen Project Sederhana\\vendor\\laravel\\framework\\src\\Illuminate\\Auth\\Middleware\\EnsureEmailIsVerified.php(41): Illuminate\\Pipeline\\Pipeline->Illuminate\\Pipeline\\{closure}(Object(Illuminate\\Http\\Request))
#21 D:\\Code\\Script Laravel\\SOURCE CODE LARAVEL 11\\ Manajemen Project Sederhana\\vendor\\laravel\\framework\\src\\Illuminate\\Pipeline\\Pipeline.php(183): Illuminate\\Auth\\Middleware\\EnsureEmailIsVerified->handle(Object(Illuminate\\Http\\Request), Object(Closure))
#22 D:\\Code\\Script Laravel\\SOURCE CODE LARAVEL 11\\ Manajemen Project Sederhana\\vendor\\laravel\\framework\\src\\Illuminate\\Http\\Middleware\\AddLinkHeadersForPreloadedAssets.php(19): Illuminate\\Pipeline\\Pipeline->Illuminate\\Pipeline\\{closure}(Object(Illuminate\\Http\\Request))
#23 D:\\Code\\Script Laravel\\SOURCE CODE LARAVEL 11\\ Manajemen Project Sederhana\\vendor\\laravel\\framework\\src\\Illuminate\\Pipeline\\Pipeline.php(183): Illuminate\\Http\\Middleware\\AddLinkHeadersForPreloadedAssets->handle(Object(Illuminate\\Http\\Request), Object(Closure))
#24 D:\\Code\\Script Laravel\\SOURCE CODE LARAVEL 11\\ Manajemen Project Sederhana\\vendor\\inertiajs\\inertia-laravel\\src\\Middleware.php(87): Illuminate\\Pipeline\\Pipeline->Illuminate\\Pipeline\\{closure}(Object(Illuminate\\Http\\Request))
#25 D:\\Code\\Script Laravel\\SOURCE CODE LARAVEL 11\\ Manajemen Project Sederhana\\vendor\\laravel\\framework\\src\\Illuminate\\Pipeline\\Pipeline.php(183): Inertia\\Middleware->handle(Object(Illuminate\\Http\\Request), Object(Closure))
#26 D:\\Code\\Script Laravel\\SOURCE CODE LARAVEL 11\\ Manajemen Project Sederhana\\vendor\\laravel\\framework\\src\\Illuminate\\Routing\\Middleware\\SubstituteBindings.php(50): Illuminate\\Pipeline\\Pipeline->Illuminate\\Pipeline\\{closure}(Object(Illuminate\\Http\\Request))
#27 D:\\Code\\Script Laravel\\SOURCE CODE LARAVEL 11\\ Manajemen Project Sederhana\\vendor\\laravel\\framework\\src\\Illuminate\\Pipeline\\Pipeline.php(183): Illuminate\\Routing\\Middleware\\SubstituteBindings->handle(Object(Illuminate\\Http\\Request), Object(Closure))
#28 D:\\Code\\Script Laravel\\SOURCE CODE LARAVEL 11\\ Manajemen Project Sederhana\\vendor\\laravel\\framework\\src\\Illuminate\\Auth\\Middleware\\Authenticate.php(64): Illuminate\\Pipeline\\Pipeline->Illuminate\\Pipeline\\{closure}(Object(Illuminate\\Http\\Request))
#29 D:\\Code\\Script Laravel\\SOURCE CODE LARAVEL 11\\ Manajemen Project Sederhana\\vendor\\laravel\\framework\\src\\Illuminate\\Pipeline\\Pipeline.php(183): Illuminate\\Auth\\Middleware\\Authenticate->handle(Object(Illuminate\\Http\\Request), Object(Closure))
#30 D:\\Code\\Script Laravel\\SOURCE CODE LARAVEL 11\\ Manajemen Project Sederhana\\vendor\\laravel\\framework\\src\\Illuminate\\Foundation\\Http\\Middleware\\VerifyCsrfToken.php(88): Illuminate\\Pipeline\\Pipeline->Illuminate\\Pipeline\\{closure}(Object(Illuminate\\Http\\Request))
#31 D:\\Code\\Script Laravel\\SOURCE CODE LARAVEL 11\\ Manajemen Project Sederhana\\vendor\\laravel\\framework\\src\\Illuminate\\Pipeline\\Pipeline.php(183): Illuminate\\Foundation\\Http\\Middleware\\VerifyCsrfToken->handle(Object(Illuminate\\Http\\Request), Object(Closure))
#32 D:\\Code\\Script Laravel\\SOURCE CODE LARAVEL 11\\ Manajemen Project Sederhana\\vendor\\laravel\\framework\\src\\Illuminate\\View\\Middleware\\ShareErrorsFromSession.php(49): Illuminate\\Pipeline\\Pipeline->Illuminate\\Pipeline\\{closure}(Object(Illuminate\\Http\\Request))
#33 D:\\Code\\Script Laravel\\SOURCE CODE LARAVEL 11\\ Manajemen Project Sederhana\\vendor\\laravel\\framework\\src\\Illuminate\\Pipeline\\Pipeline.php(183): Illuminate\\View\\Middleware\\ShareErrorsFromSession->handle(Object(Illuminate\\Http\\Request), Object(Closure))
#34 D:\\Code\\Script Laravel\\SOURCE CODE LARAVEL 11\\ Manajemen Project Sederhana\\vendor\\laravel\\framework\\src\\Illuminate\\Session\\Middleware\\StartSession.php(121): Illuminate\\Pipeline\\Pipeline->Illuminate\\Pipeline\\{closure}(Object(Illuminate\\Http\\Request))
#35 D:\\Code\\Script Laravel\\SOURCE CODE LARAVEL 11\\ Manajemen Project Sederhana\\vendor\\laravel\\framework\\src\\Illuminate\\Session\\Middleware\\StartSession.php(64): Illuminate\\Session\\Middleware\\StartSession->handleStatefulRequest(Object(Illuminate\\Http\\Request), Object(Illuminate\\Session\\Store), Object(Closure))
#36 D:\\Code\\Script Laravel\\SOURCE CODE LARAVEL 11\\ Manajemen Project Sederhana\\vendor\\laravel\\framework\\src\\Illuminate\\Pipeline\\Pipeline.php(183): Illuminate\\Session\\Middleware\\StartSession->handle(Object(Illuminate\\Http\\Request), Object(Closure))
#37 D:\\Code\\Script Laravel\\SOURCE CODE LARAVEL 11\\ Manajemen Project Sederhana\\vendor\\laravel\\framework\\src\\Illuminate\\Cookie\\Middleware\\AddQueuedCookiesToResponse.php(37): Illuminate\\Pipeline\\Pipeline->Illuminate\\Pipeline\\{closure}(Object(Illuminate\\Http\\Request))
#38 D:\\Code\\Script Laravel\\SOURCE CODE LARAVEL 11\\ Manajemen Project Sederhana\\vendor\\laravel\\framework\\src\\Illuminate\\Pipeline\\Pipeline.php(183): Illuminate\\Cookie\\Middleware\\AddQueuedCookiesToResponse->handle(Object(Illuminate\\Http\\Request), Object(Closure))
#39 D:\\Code\\Script Laravel\\SOURCE CODE LARAVEL 11\\ Manajemen Project Sederhana\\vendor\\laravel\\framework\\src\\Illuminate\\Cookie\\Middleware\\EncryptCookies.php(75): Illuminate\\Pipeline\\Pipeline->Illuminate\\Pipeline\\{closure}(Object(Illuminate\\Http\\Request))
#40 D:\\Code\\Script Laravel\\SOURCE CODE LARAVEL 11\\ Manajemen Project Sederhana\\vendor\\laravel\\framework\\src\\Illuminate\\Pipeline\\Pipeline.php(183): Illuminate\\Cookie\\Middleware\\EncryptCookies->handle(Object(Illuminate\\Http\\Request), Object(Closure))
#41 D:\\Code\\Script Laravel\\SOURCE CODE LARAVEL 11\\ Manajemen Project Sederhana\\vendor\\laravel\\framework\\src\\Illuminate\\Pipeline\\Pipeline.php(119): Illuminate\\Pipeline\\Pipeline->Illuminate\\Pipeline\\{closure}(Object(Illuminate\\Http\\Request))
#42 D:\\Code\\Script Laravel\\SOURCE CODE LARAVEL 11\\ Manajemen Project Sederhana\\vendor\\laravel\\framework\\src\\Illuminate\\Routing\\Router.php(805): Illuminate\\Pipeline\\Pipeline->then(Object(Closure))
#43 D:\\Code\\Script Laravel\\SOURCE CODE LARAVEL 11\\ Manajemen Project Sederhana\\vendor\\laravel\\framework\\src\\Illuminate\\Routing\\Router.php(784): Illuminate\\Routing\\Router->runRouteWithinStack(Object(Illuminate\\Routing\\Route), Object(Illuminate\\Http\\Request))
#44 D:\\Code\\Script Laravel\\SOURCE CODE LARAVEL 11\\ Manajemen Project Sederhana\\vendor\\laravel\\framework\\src\\Illuminate\\Routing\\Router.php(748): Illuminate\\Routing\\Router->runRoute(Object(Illuminate\\Http\\Request), Object(Illuminate\\Routing\\Route))
#45 D:\\Code\\Script Laravel\\SOURCE CODE LARAVEL 11\\ Manajemen Project Sederhana\\vendor\\laravel\\framework\\src\\Illuminate\\Routing\\Router.php(737): Illuminate\\Routing\\Router->dispatchToRoute(Object(Illuminate\\Http\\Request))
#46 D:\\Code\\Script Laravel\\SOURCE CODE LARAVEL 11\\ Manajemen Project Sederhana\\vendor\\laravel\\framework\\src\\Illuminate\\Foundation\\Http\\Kernel.php(200): Illuminate\\Routing\\Router->dispatch(Object(Illuminate\\Http\\Request))
#47 D:\\Code\\Script Laravel\\SOURCE CODE LARAVEL 11\\ Manajemen Project Sederhana\\vendor\\laravel\\framework\\src\\Illuminate\\Pipeline\\Pipeline.php(144): Illuminate\\Foundation\\Http\\Kernel->Illuminate\\Foundation\\Http\\{closure}(Object(Illuminate\\Http\\Request))
#48 D:\\Code\\Script Laravel\\SOURCE CODE LARAVEL 11\\ Manajemen Project Sederhana\\vendor\\laravel\\framework\\src\\Illuminate\\Foundation\\Http\\Middleware\\TransformsRequest.php(21): Illuminate\\Pipeline\\Pipeline->Illuminate\\Pipeline\\{closure}(Object(Illuminate\\Http\\Request))
#49 D:\\Code\\Script Laravel\\SOURCE CODE LARAVEL 11\\ Manajemen Project Sederhana\\vendor\\laravel\\framework\\src\\Illuminate\\Foundation\\Http\\Middleware\\ConvertEmptyStringsToNull.php(31): Illuminate\\Foundation\\Http\\Middleware\\TransformsRequest->handle(Object(Illuminate\\Http\\Request), Object(Closure))
#50 D:\\Code\\Script Laravel\\SOURCE CODE LARAVEL 11\\ Manajemen Project Sederhana\\vendor\\laravel\\framework\\src\\Illuminate\\Pipeline\\Pipeline.php(183): Illuminate\\Foundation\\Http\\Middleware\\ConvertEmptyStringsToNull->handle(Object(Illuminate\\Http\\Request), Object(Closure))
#51 D:\\Code\\Script Laravel\\SOURCE CODE LARAVEL 11\\ Manajemen Project Sederhana\\vendor\\laravel\\framework\\src\\Illuminate\\Foundation\\Http\\Middleware\\TransformsRequest.php(21): Illuminate\\Pipeline\\Pipeline->Illuminate\\Pipeline\\{closure}(Object(Illuminate\\Http\\Request))
#52 D:\\Code\\Script Laravel\\SOURCE CODE LARAVEL 11\\ Manajemen Project Sederhana\\vendor\\laravel\\framework\\src\\Illuminate\\Foundation\\Http\\Middleware\\TrimStrings.php(51): Illuminate\\Foundation\\Http\\Middleware\\TransformsRequest->handle(Object(Illuminate\\Http\\Request), Object(Closure))
#53 D:\\Code\\Script Laravel\\SOURCE CODE LARAVEL 11\\ Manajemen Project Sederhana\\vendor\\laravel\\framework\\src\\Illuminate\\Pipeline\\Pipeline.php(183): Illuminate\\Foundation\\Http\\Middleware\\TrimStrings->handle(Object(Illuminate\\Http\\Request), Object(Closure))
#54 D:\\Code\\Script Laravel\\SOURCE CODE LARAVEL 11\\ Manajemen Project Sederhana\\vendor\\laravel\\framework\\src\\Illuminate\\Http\\Middleware\\ValidatePostSize.php(27): Illuminate\\Pipeline\\Pipeline->Illuminate\\Pipeline\\{closure}(Object(Illuminate\\Http\\Request))
#55 D:\\Code\\Script Laravel\\SOURCE CODE LARAVEL 11\\ Manajemen Project Sederhana\\vendor\\laravel\\framework\\src\\Illuminate\\Pipeline\\Pipeline.php(183): Illuminate\\Http\\Middleware\\ValidatePostSize->handle(Object(Illuminate\\Http\\Request), Object(Closure))
#56 D:\\Code\\Script Laravel\\SOURCE CODE LARAVEL 11\\ Manajemen Project Sederhana\\vendor\\laravel\\framework\\src\\Illuminate\\Foundation\\Http\\Middleware\\PreventRequestsDuringMaintenance.php(110): Illuminate\\Pipeline\\Pipeline->Illuminate\\Pipeline\\{closure}(Object(Illuminate\\Http\\Request))
#57 D:\\Code\\Script Laravel\\SOURCE CODE LARAVEL 11\\ Manajemen Project Sederhana\\vendor\\laravel\\framework\\src\\Illuminate\\Pipeline\\Pipeline.php(183): Illuminate\\Foundation\\Http\\Middleware\\PreventRequestsDuringMaintenance->handle(Object(Illuminate\\Http\\Request), Object(Closure))
#58 D:\\Code\\Script Laravel\\SOURCE CODE LARAVEL 11\\ Manajemen Project Sederhana\\vendor\\laravel\\framework\\src\\Illuminate\\Http\\Middleware\\HandleCors.php(49): Illuminate\\Pipeline\\Pipeline->Illuminate\\Pipeline\\{closure}(Object(Illuminate\\Http\\Request))
#59 D:\\Code\\Script Laravel\\SOURCE CODE LARAVEL 11\\ Manajemen Project Sederhana\\vendor\\laravel\\framework\\src\\Illuminate\\Pipeline\\Pipeline.php(183): Illuminate\\Http\\Middleware\\HandleCors->handle(Object(Illuminate\\Http\\Request), Object(Closure))
#60 D:\\Code\\Script Laravel\\SOURCE CODE LARAVEL 11\\ Manajemen Project Sederhana\\vendor\\laravel\\framework\\src\\Illuminate\\Http\\Middleware\\TrustProxies.php(57): Illuminate\\Pipeline\\Pipeline->Illuminate\\Pipeline\\{closure}(Object(Illuminate\\Http\\Request))
#61 D:\\Code\\Script Laravel\\SOURCE CODE LARAVEL 11\\ Manajemen Project Sederhana\\vendor\\laravel\\framework\\src\\Illuminate\\Pipeline\\Pipeline.php(183): Illuminate\\Http\\Middleware\\TrustProxies->handle(Object(Illuminate\\Http\\Request), Object(Closure))
#62 D:\\Code\\Script Laravel\\SOURCE CODE LARAVEL 11\\ Manajemen Project Sederhana\\vendor\\laravel\\framework\\src\\Illuminate\\Pipeline\\Pipeline.php(119): Illuminate\\Pipeline\\Pipeline->Illuminate\\Pipeline\\{closure}(Object(Illuminate\\Http\\Request))
#63 D:\\Code\\Script Laravel\\SOURCE CODE LARAVEL 11\\ Manajemen Project Sederhana\\vendor\\laravel\\framework\\src\\Illuminate\\Foundation\\Http\\Kernel.php(175): Illuminate\\Pipeline\\Pipeline->then(Object(Closure))
#64 D:\\Code\\Script Laravel\\SOURCE CODE LARAVEL 11\\ Manajemen Project Sederhana\\vendor\\laravel\\framework\\src\\Illuminate\\Foundation\\Http\\Kernel.php(144): Illuminate\\Foundation\\Http\\Kernel->sendRequestThroughRouter(Object(Illuminate\\Http\\Request))
#65 D:\\Code\\Script Laravel\\SOURCE CODE LARAVEL 11\\ Manajemen Project Sederhana\\vendor\\laravel\\framework\\src\\Illuminate\\Foundation\\Application.php(1168): Illuminate\\Foundation\\Http\\Kernel->handle(Object(Illuminate\\Http\\Request))
#66 D:\\Code\\Script Laravel\\SOURCE CODE LARAVEL 11\\ Manajemen Project Sederhana\\public\\index.php(17): Illuminate\\Foundation\\Application->handleRequest(Object(Illuminate\\Http\\Request))
#67 D:\\Code\\Script Laravel\\SOURCE CODE LARAVEL 11\\ Manajemen Project Sederhana\\vendor\\laravel\\framework\\src\\Illuminate\\Foundation\\resources\\server.php(16): require_once('D:\\\\Code\\\\Script ...')
#68 {main}
"} 
[2026-06-20 15:05:23] local.ERROR: Please provide a valid cache path. {"exception":"[object] (InvalidArgumentException(code: 0): Please provide a valid cache path. at D:\\Code\\Script Laravel\\SOURCE CODE LARAVEL 11\\ Manajemen Project Sederhana\\vendor\\laravel\\framework\\src\\Illuminate\\View\\Compilers\\Compiler.php:67)
[stacktrace]
#0 D:\\Code\\Script Laravel\\SOURCE CODE LARAVEL 11\\ Manajemen Project Sederhana\\vendor\\laravel\\framework\\src\\Illuminate\\View\\ViewServiceProvider.php(96): Illuminate\\View\\Compilers\\Compiler->__construct(Object(Illuminate\\Filesystem\\Filesystem), false, '', true, 'php')
#1 D:\\Code\\Script Laravel\\SOURCE CODE LARAVEL 11\\ Manajemen Project Sederhana\\vendor\\laravel\\framework\\src\\Illuminate\\Container\\Container.php(900): Illuminate\\View\\ViewServiceProvider->Illuminate\\View\\{closure}(Object(Illuminate\\Foundation\\Application), Array)
#2 D:\\Code\\Script Laravel\\SOURCE CODE LARAVEL 11\\ Manajemen Project Sederhana\\vendor\\laravel\\framework\\src\\Illuminate\\Container\\Container.php(787): Illuminate\\Container\\Container->build(Object(Closure))
#3 D:\\Code\\Script Laravel\\SOURCE CODE LARAVEL 11\\ Manajemen Project Sederhana\\vendor\\laravel\\framework\\src\\Illuminate\\Foundation\\Application.php(1026): Illuminate\\Container\\Container->resolve('blade.compiler', Array, true)
#4 D:\\Code\\Script Laravel\\SOURCE CODE LARAVEL 11\\ Manajemen Project Sederhana\\vendor\\laravel\\framework\\src\\Illuminate\\Container\\Container.php(723): Illuminate\\Foundation\\Application->resolve('blade.compiler', Array)
#5 D:\\Code\\Script Laravel\\SOURCE CODE LARAVEL 11\\ Manajemen Project Sederhana\\vendor\\laravel\\framework\\src\\Illuminate\\Foundation\\Application.php(1011): Illuminate\\Container\\Container->make('blade.compiler', Array)
#6 D:\\Code\\Script Laravel\\SOURCE CODE LARAVEL 11\\ Manajemen Project Sederhana\\vendor\\laravel\\framework\\src\\Illuminate\\Container\\Container.php(1446): Illuminate\\Foundation\\Application->make('blade.compiler')
#7 D:\\Code\\Script Laravel\\SOURCE CODE LARAVEL 11\\ Manajemen Project Sederhana\\vendor\\laravel\\framework\\src\\Illuminate\\View\\ViewServiceProvider.php(164): Illuminate\\Container\\Container->offsetGet('blade.compiler')
#8 [internal function]: Illuminate\\View\\ViewServiceProvider->Illuminate\\View\\{closure}()
#9 D:\\Code\\Script Laravel\\SOURCE CODE LARAVEL 11\\ Manajemen Project Sederhana\\vendor\\laravel\\framework\\src\\Illuminate\\View\\Engines\\EngineResolver.php(55): call_user_func(Object(Closure))
#10 D:\\Code\\Script Laravel\\SOURCE CODE LARAVEL 11\\ Manajemen Project Sederhana\\vendor\\laravel\\framework\\src\\Illuminate\\View\\Factory.php(326): Illuminate\\View\\Engines\\EngineResolver->resolve('blade')
#11 D:\\Code\\Script Laravel\\SOURCE CODE LARAVEL 11\\ Manajemen Project Sederhana\\vendor\\laravel\\framework\\src\\Illuminate\\View\\Factory.php(288): Illuminate\\View\\Factory->getEngineFromPath('D:\\\\Code\\\\Script ...')
#12 D:\\Code\\Script Laravel\\SOURCE CODE LARAVEL 11\\ Manajemen Project Sederhana\\vendor\\laravel\\framework\\src\\Illuminate\\View\\Factory.php(160): Illuminate\\View\\Factory->viewInstance('errors::404', 'D:\\\\Code\\\\Script ...', Array)
#13 D:\\Code\\Script Laravel\\SOURCE CODE LARAVEL 11\\ Manajemen Project Sederhana\\vendor\\laravel\\framework\\src\\Illuminate\\Routing\\ResponseFactory.php(88): Illuminate\\View\\Factory->make('errors::404', Array)
#14 D:\\Code\\Script Laravel\\SOURCE CODE LARAVEL 11\\ Manajemen Project Sederhana\\vendor\\laravel\\framework\\src\\Illuminate\\Foundation\\Exceptions\\Handler.php(879): Illuminate\\Routing\\ResponseFactory->view('errors::404', Array, 404, Array)
#15 D:\\Code\\Script Laravel\\SOURCE CODE LARAVEL 11\\ Manajemen Project Sederhana\\vendor\\laravel\\framework\\src\\Illuminate\\Foundation\\Exceptions\\Handler.php(806): Illuminate\\Foundation\\Exceptions\\Handler->renderHttpException(Object(Symfony\\Component\\HttpKernel\\Exception\\NotFoundHttpException))
#16 D:\\Code\\Script Laravel\\SOURCE CODE LARAVEL 11\\ Manajemen Project Sederhana\\vendor\\laravel\\framework\\src\\Illuminate\\Foundation\\Exceptions\\Handler.php(697): Illuminate\\Foundation\\Exceptions\\Handler->prepareResponse(Object(Illuminate\\Http\\Request), Object(Symfony\\Component\\HttpKernel\\Exception\\NotFoundHttpException))
#17 D:\\Code\\Script Laravel\\SOURCE CODE LARAVEL 11\\ Manajemen Project Sederhana\\vendor\\laravel\\framework\\src\\Illuminate\\Foundation\\Exceptions\\Handler.php(586): Illuminate\\Foundation\\Exceptions\\Handler->renderExceptionResponse(Object(Illuminate\\Http\\Request), Object(Symfony\\Component\\HttpKernel\\Exception\\NotFoundHttpException))
#18 D:\\Code\\Script Laravel\\SOURCE CODE LARAVEL 11\\ Manajemen Project Sederhana\\vendor\\laravel\\framework\\src\\Illuminate\\Routing\\Pipeline.php(51): Illuminate\\Foundation\\Exceptions\\Handler->render(Object(Illuminate\\Http\\Request), Object(Symfony\\Component\\HttpKernel\\Exception\\NotFoundHttpException))
#19 D:\\Code\\Script Laravel\\SOURCE CODE LARAVEL 11\\ Manajemen Project Sederhana\\vendor\\laravel\\framework\\src\\Illuminate\\Pipeline\\Pipeline.php(146): Illuminate\\Routing\\Pipeline->handleException(Object(Illuminate\\Http\\Request), Object(Symfony\\Component\\HttpKernel\\Exception\\NotFoundHttpException))
#20 D:\\Code\\Script Laravel\\SOURCE CODE LARAVEL 11\\ Manajemen Project Sederhana\\vendor\\laravel\\framework\\src\\Illuminate\\Foundation\\Http\\Middleware\\TransformsRequest.php(21): Illuminate\\Pipeline\\Pipeline->Illuminate\\Pipeline\\{closure}(Object(Illuminate\\Http\\Request))
#21 D:\\Code\\Script Laravel\\SOURCE CODE LARAVEL 11\\ Manajemen Project Sederhana\\vendor\\laravel\\framework\\src\\Illuminate\\Foundation\\Http\\Middleware\\ConvertEmptyStringsToNull.php(31): Illuminate\\Foundation\\Http\\Middleware\\TransformsRequest->handle(Object(Illuminate\\Http\\Request), Object(Closure))
#22 D:\\Code\\Script Laravel\\SOURCE CODE LARAVEL 11\\ Manajemen Project Sederhana\\vendor\\laravel\\framework\\src\\Illuminate\\Pipeline\\Pipeline.php(183): Illuminate\\Foundation\\Http\\Middleware\\ConvertEmptyStringsToNull->handle(Object(Illuminate\\Http\\Request), Object(Closure))
#23 D:\\Code\\Script Laravel\\SOURCE CODE LARAVEL 11\\ Manajemen Project Sederhana\\vendor\\laravel\\framework\\src\\Illuminate\\Foundation\\Http\\Middleware\\TransformsRequest.php(21): Illuminate\\Pipeline\\Pipeline->Illuminate\\Pipeline\\{closure}(Object(Illuminate\\Http\\Request))
#24 D:\\Code\\Script Laravel\\SOURCE CODE LARAVEL 11\\ Manajemen Project Sederhana\\vendor\\laravel\\framework\\src\\Illuminate\\Foundation\\Http\\Middleware\\TrimStrings.php(51): Illuminate\\Foundation\\Http\\Middleware\\TransformsRequest->handle(Object(Illuminate\\Http\\Request), Object(Closure))
#25 D:\\Code\\Script Laravel\\SOURCE CODE LARAVEL 11\\ Manajemen Project Sederhana\\vendor\\laravel\\framework\\src\\Illuminate\\Pipeline\\Pipeline.php(183): Illuminate\\Foundation\\Http\\Middleware\\TrimStrings->handle(Object(Illuminate\\Http\\Request), Object(Closure))
#26 D:\\Code\\Script Laravel\\SOURCE CODE LARAVEL 11\\ Manajemen Project Sederhana\\vendor\\laravel\\framework\\src\\Illuminate\\Http\\Middleware\\ValidatePostSize.php(27): Illuminate\\Pipeline\\Pipeline->Illuminate\\Pipeline\\{closure}(Object(Illuminate\\Http\\Request))
#27 D:\\Code\\Script Laravel\\SOURCE CODE LARAVEL 11\\ Manajemen Project Sederhana\\vendor\\laravel\\framework\\src\\Illuminate\\Pipeline\\Pipeline.php(183): Illuminate\\Http\\Middleware\\ValidatePostSize->handle(Object(Illuminate\\Http\\Request), Object(Closure))
#28 D:\\Code\\Script Laravel\\SOURCE CODE LARAVEL 11\\ Manajemen Project Sederhana\\vendor\\laravel\\framework\\src\\Illuminate\\Foundation\\Http\\Middleware\\PreventRequestsDuringMaintenance.php(110): Illuminate\\Pipeline\\Pipeline->Illuminate\\Pipeline\\{closure}(Object(Illuminate\\Http\\Request))
#29 D:\\Code\\Script Laravel\\SOURCE CODE LARAVEL 11\\ Manajemen Project Sederhana\\vendor\\laravel\\framework\\src\\Illuminate\\Pipeline\\Pipeline.php(183): Illuminate\\Foundation\\Http\\Middleware\\PreventRequestsDuringMaintenance->handle(Object(Illuminate\\Http\\Request), Object(Closure))
#30 D:\\Code\\Script Laravel\\SOURCE CODE LARAVEL 11\\ Manajemen Project Sederhana\\vendor\\laravel\\framework\\src\\Illuminate\\Http\\Middleware\\HandleCors.php(49): Illuminate\\Pipeline\\Pipeline->Illuminate\\Pipeline\\{closure}(Object(Illuminate\\Http\\Request))
#31 D:\\Code\\Script Laravel\\SOURCE CODE LARAVEL 11\\ Manajemen Project Sederhana\\vendor\\laravel\\framework\\src\\Illuminate\\Pipeline\\Pipeline.php(183): Illuminate\\Http\\Middleware\\HandleCors->handle(Object(Illuminate\\Http\\Request), Object(Closure))
#32 D:\\Code\\Script Laravel\\SOURCE CODE LARAVEL 11\\ Manajemen Project Sederhana\\vendor\\laravel\\framework\\src\\Illuminate\\Http\\Middleware\\TrustProxies.php(57): Illuminate\\Pipeline\\Pipeline->Illuminate\\Pipeline\\{closure}(Object(Illuminate\\Http\\Request))
#33 D:\\Code\\Script Laravel\\SOURCE CODE LARAVEL 11\\ Manajemen Project Sederhana\\vendor\\laravel\\framework\\src\\Illuminate\\Pipeline\\Pipeline.php(183): Illuminate\\Http\\Middleware\\TrustProxies->handle(Object(Illuminate\\Http\\Request), Object(Closure))
#34 D:\\Code\\Script Laravel\\SOURCE CODE LARAVEL 11\\ Manajemen Project Sederhana\\vendor\\laravel\\framework\\src\\Illuminate\\Pipeline\\Pipeline.php(119): Illuminate\\Pipeline\\Pipeline->Illuminate\\Pipeline\\{closure}(Object(Illuminate\\Http\\Request))
#35 D:\\Code\\Script Laravel\\SOURCE CODE LARAVEL 11\\ Manajemen Project Sederhana\\vendor\\laravel\\framework\\src\\Illuminate\\Foundation\\Http\\Kernel.php(175): Illuminate\\Pipeline\\Pipeline->then(Object(Closure))
#36 D:\\Code\\Script Laravel\\SOURCE CODE LARAVEL 11\\ Manajemen Project Sederhana\\vendor\\laravel\\framework\\src\\Illuminate\\Foundation\\Http\\Kernel.php(144): Illuminate\\Foundation\\Http\\Kernel->sendRequestThroughRouter(Object(Illuminate\\Http\\Request))
#37 D:\\Code\\Script Laravel\\SOURCE CODE LARAVEL 11\\ Manajemen Project Sederhana\\vendor\\laravel\\framework\\src\\Illuminate\\Foundation\\Application.php(1168): Illuminate\\Foundation\\Http\\Kernel->handle(Object(Illuminate\\Http\\Request))
#38 D:\\Code\\Script Laravel\\SOURCE CODE LARAVEL 11\\ Manajemen Project Sederhana\\public\\index.php(17): Illuminate\\Foundation\\Application->handleRequest(Object(Illuminate\\Http\\Request))
#39 D:\\Code\\Script Laravel\\SOURCE CODE LARAVEL 11\\ Manajemen Project Sederhana\\vendor\\laravel\\framework\\src\\Illuminate\\Foundation\\resources\\server.php(16): require_once('D:\\\\Code\\\\Script ...')
#40 {main}
"} 
